

<!DOCTYPE html>
<html>
<head>
	<meta charset='utf-8' /> 
	<meta name='description' content='' />
	<meta name='robots' content='noodp, noydir' />
	<meta name='viewport' content='width=device-width, initial-scale=1' />
	<meta id="timeStampFormat" name="timeStampFormat" content='MMM d, yyyy hh:mm:ss a'/>
	
	<link href='https://fonts.googleapis.com/css?family=Source+Sans+Pro:400,600' rel='stylesheet' type='text/css' />
	<link href="https://fonts.googleapis.com/icon?family=Material+Icons" rel="stylesheet" />
	<link href='https://cdn.rawgit.com/extent-framework/extent-github-cdn/b65cd69/v3html/css/extent.css' type='text/css' rel='stylesheet' />
	
	<title>ExtentReports</title>

	<style type='text/css'>
		/* json-tree */
		.jstBracket,.jstComma,.jstValue{white-space:pre-wrap}.jstValue{font-size:10px;font-weight:400;font-family:"Lucida Console",Monaco,monospace}.jstProperty{color:#666;word-wrap:break-word}.jstBool{color:#2525CC}.jstNum{color:#D036D0}.jstNull{color:gray}.jstStr{color:#2DB669}.jstFold:after{content:' -';cursor:pointer}.jstExpand{white-space:normal}.jstExpand:after{content:' +';cursor:pointer}.jstFolded{white-space:normal!important}.jstHiddenBlock{display:none}
	</style>
	
	<script type="text/javascript">
		/*! json-tree - v0.2.2 - 2017-09-25, MIT LICENSE */
		var JSONTree=function(){var n={"&":"&amp;","<":"&lt;",">":"&gt;",'"':"&quot;","'":"&#x27;","/":"&#x2F;"},t=0,r=0;this.create=function(n,t){return r+=1,N(u(n,0,!1),{class:"jstValue"})};var e=function(t){return t.replace(/[&<>'"]/g,function(t){return n[t]})},s=function(){return r+"_"+t++},u=function(n,t,r){if(null===n)return f(r?t:0);switch(typeof n){case"boolean":return l(n,r?t:0);case"number":return i(n,r?t:0);case"string":return o(n,r?t:0);default:return n instanceof Array?a(n,t,r):c(n,t,r)}},c=function(n,t,r){var e=s(),u=Object.keys(n).map(function(r){return j(r,n[r],t+1,!0)}).join(m()),c=[g("{",r?t:0,e),N(u,{id:e}),p("}",t)].join("\n");return N(c,{})},a=function(n,t,r){var e=s(),c=n.map(function(n){return u(n,t+1,!0)}).join(m());return[g("[",r?t:0,e),N(c,{id:e}),p("]",t)].join("\n")},o=function(n,t){var r=e(JSON.stringify(n));return N(v(r,t),{class:"jstStr"})},i=function(n,t){return N(v(n,t),{class:"jstNum"})},l=function(n,t){return N(v(n,t),{class:"jstBool"})},f=function(n){return N(v("null",n),{class:"jstNull"})},j=function(n,t,r){var s=v(e(JSON.stringify(n))+": ",r),c=N(u(t,r,!1),{});return N(s+c,{class:"jstProperty"})},m=function(){return N(",\n",{class:"jstComma"})},N=function(n,t){return d("span",t,n)},d=function(n,t,r){return"<"+n+Object.keys(t).map(function(n){return" "+n+'="'+t[n]+'"'}).join("")+">"+r+"</"+n+">"},g=function(n,t,r){return N(v(n,t),{class:"jstBracket"})+N("",{class:"jstFold",onclick:"JSONTree.toggle('"+r+"')"})};this.toggle=function(n){var t=document.getElementById(n),r=t.parentNode,e=t.previousElementSibling;""===t.className?(t.className="jstHiddenBlock",r.className="jstFolded",e.className="jstExpand"):(t.className="",r.className="",e.className="jstFold")};var p=function(n,t){return N(v(n,t),{})},v=function(n,t){return Array(2*t+1).join(" ")+n};return this}();
	</script>
</head>
	<body class='extent standard default hide-overflow bdd-report'>
		<div id='theme-selector' alt='Click to toggle theme. To enable by default, use theme configuration.' title='Click to toggle theme. To enable by default, use theme configuration.'>
			<span><i class='material-icons'>desktop_windows</i></span>
		</div>
<nav>
	<div class="nav-wrapper">
		<a href="#!" class="brand-logo black"><img src="https://cdn.rawgit.com/extent-framework/extent-github-cdn/d74480e/commons/img/logo.png"></a>
		<!-- slideout menu -->
		<ul id='slide-out' class='side-nav fixed hide-on-med-and-down'>
			<li class='waves-effect active'><a href='#!' view='test-view' onclick="configureView(0);chartsView('test');"><i class='material-icons'>dashboard</i></a></li>
						<li class='waves-effect'><a href='#!' view='exception-view' onclick="configureView(2)"><i class='material-icons'>bug_report</i></a></li>
			<li class='waves-effect'><a href='#!' onclick="configureView(-1);chartsView('dashboard');" view='dashboard-view'><i class='material-icons'>track_changes</i></a></li>
			<li class='waves-effect'><a href='#!' onclick="configureView(-1)" view='testrunner-logs-view'><i class='material-icons'>note</i></a></li>
		</ul>
		<!-- report name -->
		<span class='report-name'>ExtentReports</span>
		<!-- report headline -->
		<span class='report-headline'></span>
		<!-- nav-right -->
		<ul id='nav-mobile' class='right hide-on-med-and-down nav-right'>
			<a href='#!'>
			<span class='label blue darken-3 suite-start-time'>Dec 24, 2019 10:49:50 AM</span>
			</a>
		</ul>
	</div>
</nav>		<!-- container -->
		<div class='container'>
<div id='test-view' class='view'>
	<section id='controls'>
		<div class='controls grey lighten-4'>
			<!-- test toggle -->
			<div class='chip transparent'>
				<a class='dropdown-button tests-toggle' data-activates='tests-toggle' data-constrainwidth='true' data-beloworigin='true' data-hover='true' href='#'>
				<i class='material-icons'>warning</i> Status
				</a>
				<ul id='tests-toggle' class='dropdown-content'>
										<li status='pass'><a href='#!'>Pass <i class='material-icons green-text'>check_circle</i></a></li>
					<li status='fail'><a href='#!'>Fail <i class='material-icons red-text'>cancel</i></a></li>
					<li status='skip'><a href='#!'>Skip <i class='material-icons cyan-text'>redo</i></a></li>
					<li class='divider'></li>
					<li status='clear' clear='true'><a href='#!'>Clear Filters <i class='material-icons'>clear</i></a></li>
				</ul>
			</div>
			<!-- test toggle -->
			<!-- category toggle -->
			<!-- category toggle -->
			<!-- clear filters -->
			<div class='chip transparent hide'>
				<a class='' id='clear-filters' alt='Clear Filters' title='Clear Filters'>
				<i class='material-icons'>close</i> Clear
				</a>
			</div>
			<!-- clear filters -->
			<!-- enable dashboard -->
			<div id='toggle-test-view-charts' class='chip transparent'>
				<a class='pink-text' id='enable-dashboard' alt='Enable Dashboard' title='Enable Dashboard'>
				<i class='material-icons'>track_changes</i> Dashboard
				</a>
			</div>
			<!-- enable dashboard -->
			<!-- search -->
			<div class='chip transparent' alt='Search Tests' title='Search Tests'>
				<a href="#" class='search-div'>
				<i class='material-icons'>search</i> Search
				</a>
				<div class='input-field left hide'>
					<input id='search-tests' type='text' class='validate browser-default' placeholder='Search Tests...'>
				</div>
			</div>
			<!-- search -->
		</div>
	</section>
<div id='test-view-charts' class='subview-full'>
    <div id='charts-row' class='row nm-v nm-h'>
        <div class='col s12 m4 l4 np-h'>
            <div class='card-panel nm-v'>
                <div class='left panel-name'>Features</div>
                <div class='chart-box' style="max-height:94px;">
                    <canvas id='parent-analysis' width='90' height='70'></canvas>
                </div>
                <div class='block text-small'>
                    <span class='tooltipped' data-position='top' data-tooltip='0%'><span class='strong'>0</span> feature(s) passed</span>
                </div>
                <div class='block text-small'>
                    <span class='strong tooltipped' data-position='top' data-tooltip='100%'>1</span> feature(s) failed, <span class='strong tooltipped' data-position='top' data-tooltip='0%'>0</span> others
                </div>
            </div>
        </div>
        <div class='col s12 m4 l4 np-h'>
            <div class='card-panel nm-v'>
                <div class='left panel-name'>Scenarios</div>
                <div class='chart-box' style="max-height:94px;">
                    <canvas id='child-analysis' width='90' height='70'></canvas>
                </div>
                <div class='block text-small'>
                    <span class='tooltipped' data-position='top' data-tooltip='66.667%'><span class='strong'>6</span> scenario(s) passed</span>
                </div>
                <div class='block text-small'>
                    <span class='strong tooltipped' data-position='top' data-tooltip='33.333%'>3</span> scenario(s) failed, <span class='strong tooltipped' data-position='top' data-tooltip='0%'>0</span> others
                </div>
            </div>
        </div>
        <div class='col s12 m4 l4 np-h'>
            <div class='card-panel nm-v'>
                <div class='left panel-name'>Steps</div>
                <div class='chart-box' style="max-height:94px;">
                    <canvas id='grandchild-analysis' width='90' height='70'></canvas>
                </div>
                <div class='block text-small'>
                    <span class='tooltipped' data-position='top' data-tooltip='84.058%'><span class='strong'>174</span> step(s) passed</span>
                </div>
                <div class='block text-small'>
                    <span class='strong tooltipped' data-position='top' data-tooltip='1.449%'>3</span> step(s) failed, <span class='strong tooltipped' data-position='top' data-tooltip='14.493%'>30</span> others
                </div>
            </div>
        </div>
    </div>
    <div id="timeline-chart" class="row nm-v nm-h">
        <div class="col s12 m12 l12 np-h">
            <div class="card-panel">
                <div class='left panel-name'>Timeline (seconds)</div>
                <div class="chart-box" style="width:98%;max-height:145px;">
                    <canvas id="timeline" height="120"></canvas>
                </div>
            </div>
        </div>
    </div>
</div>	<div class='subview-left left'>
		<div class='view-summary'>
			<ul id='test-collection' class='test-collection'>
				<li class='test displayed active has-leaf fail' status='fail' bdd='true' test-id='1'>
					<div class='test-heading'>
						<span class='test-name'>Create a new insurance contract.</span>
						<span class='test-time'>Dec 24, 2019 10:50:01 AM</span>
						<span class='test-status right fail'>fail</span>
					</div>
					<div class='test-content hide'>
<div class="sr-filters bdd-filters">
    <a class="btn-floating waves-effect waves-light pass green" title="pass"><i class='material-icons'>check_circle</i></a>
    <a class="btn-floating waves-effect waves-light fail red" title="fail"><i class='material-icons'>cancel</i></a>
    <a class="btn-floating waves-effect waves-light skip blue" title="skip"><i class='material-icons'>redo</i></a>
    <a class="btn-floating waves-effect waves-light clear grey" title="clear"><i class='material-icons'>clear</i></a>
</div>
<div class='scenariooutline node' test-id='2' status='fail'>
    <span class='duration right label'>0h 2m 57s+231ms</span>
    <div class="bdd-test">
        <div class="scenario-name"><span class='status fail' title='fail'><i class='material-icons'>cancel</i></span> ScenarioOutline: The customer should be able to register for an insurance.</div>
    </div>
    <ul class='steps'>
        <li test-id='3' class='node scenario pass' status='pass'>
            <div class="step-name" title=""><span class='status pass' title='pass'><i class='material-icons'>check_circle</i></span>The customer should be able to register for an insurance.</div>
            <ul class='gc steps'>
                    <li test-id='4' class='gc given pass' status='pass'>
                        <h6 class="step-name" title=""><span class='status pass' title='pass'><i class='material-icons'>check_circle</i></span>Given I am in the starting page</h6>
                            <div class="node-step">passed</div>
                    </li>
                    <li test-id='5' class='gc and pass' status='pass'>
                        <h6 class="step-name" title=""><span class='status pass' title='pass'><i class='material-icons'>check_circle</i></span>And The car is already insured</h6>
                            <div class="node-step">passed</div>
                    </li>
                    <li test-id='6' class='gc and pass' status='pass'>
                        <h6 class="step-name" title=""><span class='status pass' title='pass'><i class='material-icons'>check_circle</i></span>And I want to have an insurance from today</h6>
                            <div class="node-step">passed</div>
                    </li>
                    <li test-id='7' class='gc when pass' status='pass'>
                        <h6 class="step-name" title=""><span class='status pass' title='pass'><i class='material-icons'>check_circle</i></span>When I click on Weiter button</h6>
                            <div class="node-step">passed</div>
                    </li>
                    <li test-id='8' class='gc then pass' status='pass'>
                        <h6 class="step-name" title=""><span class='status pass' title='pass'><i class='material-icons'>check_circle</i></span>Then It asks for the owner of the car</h6>
                            <div class="node-step">passed</div>
                    </li>
                    <li test-id='9' class='gc and pass' status='pass'>
                        <h6 class="step-name" title=""><span class='status pass' title='pass'><i class='material-icons'>check_circle</i></span>And I am not the ownner of the car</h6>
                            <div class="node-step">passed</div>
                    </li>
                    <li test-id='10' class='gc and pass' status='pass'>
                        <h6 class="step-name" title=""><span class='status pass' title='pass'><i class='material-icons'>check_circle</i></span>And the car is new when i purchase it</h6>
                            <div class="node-step">passed</div>
                    </li>
                    <li test-id='11' class='gc when pass' status='pass'>
                        <h6 class="step-name" title=""><span class='status pass' title='pass'><i class='material-icons'>check_circle</i></span>When I click on Weiter</h6>
                            <div class="node-step">passed</div>
                    </li>
                    <li test-id='12' class='gc then pass' status='pass'>
                        <h6 class="step-name" title=""><span class='status pass' title='pass'><i class='material-icons'>check_circle</i></span>Then It navigates to selectVehicle</h6>
                            <div class="node-step">passed</div>
                    </li>
                    <li test-id='13' class='gc when pass' status='pass'>
                        <h6 class="step-name" title=""><span class='status pass' title='pass'><i class='material-icons'>check_circle</i></span>When I click on the "TOYOTA" of my car in the list</h6>
                            <div class="node-step">passed</div>
                    </li>
                    <li test-id='14' class='gc then pass' status='pass'>
                        <h6 class="step-name" title=""><span class='status pass' title='pass'><i class='material-icons'>check_circle</i></span>Then I am asked to specify the model of my car in selectModel</h6>
                            <div class="node-step">passed</div>
                    </li>
                    <li test-id='15' class='gc when pass' status='pass'>
                        <h6 class="step-name" title=""><span class='status pass' title='pass'><i class='material-icons'>check_circle</i></span>When I click on the "Auris" of my car</h6>
                            <div class="node-step">passed</div>
                    </li>
                    <li test-id='16' class='gc then pass' status='pass'>
                        <h6 class="step-name" title=""><span class='status pass' title='pass'><i class='material-icons'>check_circle</i></span>Then I am asked to specify the body type of the car</h6>
                            <div class="node-step">passed</div>
                    </li>
                    <li test-id='17' class='gc when pass' status='pass'>
                        <h6 class="step-name" title=""><span class='status pass' title='pass'><i class='material-icons'>check_circle</i></span>When I click on the "Kombi" of the car</h6>
                            <div class="node-step">passed</div>
                    </li>
                    <li test-id='18' class='gc then pass' status='pass'>
                        <h6 class="step-name" title=""><span class='status pass' title='pass'><i class='material-icons'>check_circle</i></span>Then I am asked to specify the Fuel Type of the car</h6>
                            <div class="node-step">passed</div>
                    </li>
                    <li test-id='19' class='gc when pass' status='pass'>
                        <h6 class="step-name" title=""><span class='status pass' title='pass'><i class='material-icons'>check_circle</i></span>When I select the "Benzin"</h6>
                            <div class="node-step">passed</div>
                    </li>
                    <li test-id='20' class='gc then pass' status='pass'>
                        <h6 class="step-name" title=""><span class='status pass' title='pass'><i class='material-icons'>check_circle</i></span>Then I am asked to specify the horse power of the car</h6>
                            <div class="node-step">passed</div>
                    </li>
                    <li test-id='21' class='gc when pass' status='pass'>
                        <h6 class="step-name" title=""><span class='status pass' title='pass'><i class='material-icons'>check_circle</i></span>When I select the "73 kW / 99 PS" of engine</h6>
                            <div class="node-step">passed</div>
                    </li>
                    <li test-id='22' class='gc then pass' status='pass'>
                        <h6 class="step-name" title=""><span class='status pass' title='pass'><i class='material-icons'>check_circle</i></span>Then I am asked specify Engine</h6>
                            <div class="node-step">passed</div>
                    </li>
                    <li test-id='23' class='gc when pass' status='pass'>
                        <h6 class="step-name" title=""><span class='status pass' title='pass'><i class='material-icons'>check_circle</i></span>When I select the "HSN: 5013, TSN: AIA" of the car</h6>
                            <div class="node-step">passed</div>
                    </li>
                    <li test-id='24' class='gc then pass' status='pass'>
                        <h6 class="step-name" title=""><span class='status pass' title='pass'><i class='material-icons'>check_circle</i></span>Then I am asked to specify the registeration date</h6>
                            <div class="node-step">passed</div>
                    </li>
                    <li test-id='25' class='gc when pass' status='pass'>
                        <h6 class="step-name" title=""><span class='status pass' title='pass'><i class='material-icons'>check_circle</i></span>When I specify the registeration date</h6>
                            <div class="node-step">passed</div>
                    </li>
                    <li test-id='26' class='gc then pass' status='pass'>
                        <h6 class="step-name" title=""><span class='status pass' title='pass'><i class='material-icons'>check_circle</i></span>Then I am asked to specify my birth date</h6>
                            <div class="node-step">passed</div>
                    </li>
            </ul>
        </li>
        <li test-id='27' class='node scenario pass' status='pass'>
            <div class="step-name" title=""><span class='status pass' title='pass'><i class='material-icons'>check_circle</i></span>The customer should be able to register for an insurance.</div>
            <ul class='gc steps'>
                    <li test-id='28' class='gc given pass' status='pass'>
                        <h6 class="step-name" title=""><span class='status pass' title='pass'><i class='material-icons'>check_circle</i></span>Given I am in the starting page</h6>
                            <div class="node-step">passed</div>
                    </li>
                    <li test-id='29' class='gc and pass' status='pass'>
                        <h6 class="step-name" title=""><span class='status pass' title='pass'><i class='material-icons'>check_circle</i></span>And The car is already insured</h6>
                            <div class="node-step">passed</div>
                    </li>
                    <li test-id='30' class='gc and pass' status='pass'>
                        <h6 class="step-name" title=""><span class='status pass' title='pass'><i class='material-icons'>check_circle</i></span>And I want to have an insurance from today</h6>
                            <div class="node-step">passed</div>
                    </li>
                    <li test-id='31' class='gc when pass' status='pass'>
                        <h6 class="step-name" title=""><span class='status pass' title='pass'><i class='material-icons'>check_circle</i></span>When I click on Weiter button</h6>
                            <div class="node-step">passed</div>
                    </li>
                    <li test-id='32' class='gc then pass' status='pass'>
                        <h6 class="step-name" title=""><span class='status pass' title='pass'><i class='material-icons'>check_circle</i></span>Then It asks for the owner of the car</h6>
                            <div class="node-step">passed</div>
                    </li>
                    <li test-id='33' class='gc and pass' status='pass'>
                        <h6 class="step-name" title=""><span class='status pass' title='pass'><i class='material-icons'>check_circle</i></span>And I am not the ownner of the car</h6>
                            <div class="node-step">passed</div>
                    </li>
                    <li test-id='34' class='gc and pass' status='pass'>
                        <h6 class="step-name" title=""><span class='status pass' title='pass'><i class='material-icons'>check_circle</i></span>And the car is new when i purchase it</h6>
                            <div class="node-step">passed</div>
                    </li>
                    <li test-id='35' class='gc when pass' status='pass'>
                        <h6 class="step-name" title=""><span class='status pass' title='pass'><i class='material-icons'>check_circle</i></span>When I click on Weiter</h6>
                            <div class="node-step">passed</div>
                    </li>
                    <li test-id='36' class='gc then pass' status='pass'>
                        <h6 class="step-name" title=""><span class='status pass' title='pass'><i class='material-icons'>check_circle</i></span>Then It navigates to selectVehicle</h6>
                            <div class="node-step">passed</div>
                    </li>
                    <li test-id='37' class='gc when pass' status='pass'>
                        <h6 class="step-name" title=""><span class='status pass' title='pass'><i class='material-icons'>check_circle</i></span>When I click on the "TOYOTA" of my car in the list</h6>
                            <div class="node-step">passed</div>
                    </li>
                    <li test-id='38' class='gc then pass' status='pass'>
                        <h6 class="step-name" title=""><span class='status pass' title='pass'><i class='material-icons'>check_circle</i></span>Then I am asked to specify the model of my car in selectModel</h6>
                            <div class="node-step">passed</div>
                    </li>
                    <li test-id='39' class='gc when pass' status='pass'>
                        <h6 class="step-name" title=""><span class='status pass' title='pass'><i class='material-icons'>check_circle</i></span>When I click on the "Camry" of my car</h6>
                            <div class="node-step">passed</div>
                    </li>
                    <li test-id='40' class='gc then pass' status='pass'>
                        <h6 class="step-name" title=""><span class='status pass' title='pass'><i class='material-icons'>check_circle</i></span>Then I am asked to specify the body type of the car</h6>
                            <div class="node-step">passed</div>
                    </li>
                    <li test-id='41' class='gc when pass' status='pass'>
                        <h6 class="step-name" title=""><span class='status pass' title='pass'><i class='material-icons'>check_circle</i></span>When I click on the "Kombi" of the car</h6>
                            <div class="node-step">passed</div>
                    </li>
                    <li test-id='42' class='gc then pass' status='pass'>
                        <h6 class="step-name" title=""><span class='status pass' title='pass'><i class='material-icons'>check_circle</i></span>Then I am asked to specify the Fuel Type of the car</h6>
                            <div class="node-step">passed</div>
                    </li>
                    <li test-id='43' class='gc when pass' status='pass'>
                        <h6 class="step-name" title=""><span class='status pass' title='pass'><i class='material-icons'>check_circle</i></span>When I select the "Diesel"</h6>
                            <div class="node-step">passed</div>
                    </li>
                    <li test-id='44' class='gc then pass' status='pass'>
                        <h6 class="step-name" title=""><span class='status pass' title='pass'><i class='material-icons'>check_circle</i></span>Then I am asked to specify the horse power of the car</h6>
                            <div class="node-step">passed</div>
                    </li>
                    <li test-id='45' class='gc when pass' status='pass'>
                        <h6 class="step-name" title=""><span class='status pass' title='pass'><i class='material-icons'>check_circle</i></span>When I select the "63 kW / 86 PS" of engine</h6>
                            <div class="node-step">passed</div>
                    </li>
                    <li test-id='46' class='gc then pass' status='pass'>
                        <h6 class="step-name" title=""><span class='status pass' title='pass'><i class='material-icons'>check_circle</i></span>Then I am asked specify Engine</h6>
                            <div class="node-step">passed</div>
                    </li>
                    <li test-id='47' class='gc when pass' status='pass'>
                        <h6 class="step-name" title=""><span class='status pass' title='pass'><i class='material-icons'>check_circle</i></span>When I select the "HSN: 7104, TSN: 494" of the car</h6>
                            <div class="node-step">passed</div>
                    </li>
                    <li test-id='48' class='gc then pass' status='pass'>
                        <h6 class="step-name" title=""><span class='status pass' title='pass'><i class='material-icons'>check_circle</i></span>Then I am asked to specify the registeration date</h6>
                            <div class="node-step">passed</div>
                    </li>
                    <li test-id='49' class='gc when pass' status='pass'>
                        <h6 class="step-name" title=""><span class='status pass' title='pass'><i class='material-icons'>check_circle</i></span>When I specify the registeration date</h6>
                            <div class="node-step">passed</div>
                    </li>
                    <li test-id='50' class='gc then pass' status='pass'>
                        <h6 class="step-name" title=""><span class='status pass' title='pass'><i class='material-icons'>check_circle</i></span>Then I am asked to specify my birth date</h6>
                            <div class="node-step">passed</div>
                    </li>
            </ul>
        </li>
        <li test-id='51' class='node scenario pass' status='pass'>
            <div class="step-name" title=""><span class='status pass' title='pass'><i class='material-icons'>check_circle</i></span>The customer should be able to register for an insurance.</div>
            <ul class='gc steps'>
                    <li test-id='52' class='gc given pass' status='pass'>
                        <h6 class="step-name" title=""><span class='status pass' title='pass'><i class='material-icons'>check_circle</i></span>Given I am in the starting page</h6>
                            <div class="node-step">passed</div>
                    </li>
                    <li test-id='53' class='gc and pass' status='pass'>
                        <h6 class="step-name" title=""><span class='status pass' title='pass'><i class='material-icons'>check_circle</i></span>And The car is already insured</h6>
                            <div class="node-step">passed</div>
                    </li>
                    <li test-id='54' class='gc and pass' status='pass'>
                        <h6 class="step-name" title=""><span class='status pass' title='pass'><i class='material-icons'>check_circle</i></span>And I want to have an insurance from today</h6>
                            <div class="node-step">passed</div>
                    </li>
                    <li test-id='55' class='gc when pass' status='pass'>
                        <h6 class="step-name" title=""><span class='status pass' title='pass'><i class='material-icons'>check_circle</i></span>When I click on Weiter button</h6>
                            <div class="node-step">passed</div>
                    </li>
                    <li test-id='56' class='gc then pass' status='pass'>
                        <h6 class="step-name" title=""><span class='status pass' title='pass'><i class='material-icons'>check_circle</i></span>Then It asks for the owner of the car</h6>
                            <div class="node-step">passed</div>
                    </li>
                    <li test-id='57' class='gc and pass' status='pass'>
                        <h6 class="step-name" title=""><span class='status pass' title='pass'><i class='material-icons'>check_circle</i></span>And I am not the ownner of the car</h6>
                            <div class="node-step">passed</div>
                    </li>
                    <li test-id='58' class='gc and pass' status='pass'>
                        <h6 class="step-name" title=""><span class='status pass' title='pass'><i class='material-icons'>check_circle</i></span>And the car is new when i purchase it</h6>
                            <div class="node-step">passed</div>
                    </li>
                    <li test-id='59' class='gc when pass' status='pass'>
                        <h6 class="step-name" title=""><span class='status pass' title='pass'><i class='material-icons'>check_circle</i></span>When I click on Weiter</h6>
                            <div class="node-step">passed</div>
                    </li>
                    <li test-id='60' class='gc then pass' status='pass'>
                        <h6 class="step-name" title=""><span class='status pass' title='pass'><i class='material-icons'>check_circle</i></span>Then It navigates to selectVehicle</h6>
                            <div class="node-step">passed</div>
                    </li>
                    <li test-id='61' class='gc when pass' status='pass'>
                        <h6 class="step-name" title=""><span class='status pass' title='pass'><i class='material-icons'>check_circle</i></span>When I click on the "BMW" of my car in the list</h6>
                            <div class="node-step">passed</div>
                    </li>
                    <li test-id='62' class='gc then pass' status='pass'>
                        <h6 class="step-name" title=""><span class='status pass' title='pass'><i class='material-icons'>check_circle</i></span>Then I am asked to specify the model of my car in selectModel</h6>
                            <div class="node-step">passed</div>
                    </li>
                    <li test-id='63' class='gc when pass' status='pass'>
                        <h6 class="step-name" title=""><span class='status pass' title='pass'><i class='material-icons'>check_circle</i></span>When I click on the "3er" of my car</h6>
                            <div class="node-step">passed</div>
                    </li>
                    <li test-id='64' class='gc then pass' status='pass'>
                        <h6 class="step-name" title=""><span class='status pass' title='pass'><i class='material-icons'>check_circle</i></span>Then I am asked to specify the body type of the car</h6>
                            <div class="node-step">passed</div>
                    </li>
                    <li test-id='65' class='gc when pass' status='pass'>
                        <h6 class="step-name" title=""><span class='status pass' title='pass'><i class='material-icons'>check_circle</i></span>When I click on the "Kombi" of the car</h6>
                            <div class="node-step">passed</div>
                    </li>
                    <li test-id='66' class='gc then pass' status='pass'>
                        <h6 class="step-name" title=""><span class='status pass' title='pass'><i class='material-icons'>check_circle</i></span>Then I am asked to specify the Fuel Type of the car</h6>
                            <div class="node-step">passed</div>
                    </li>
                    <li test-id='67' class='gc when pass' status='pass'>
                        <h6 class="step-name" title=""><span class='status pass' title='pass'><i class='material-icons'>check_circle</i></span>When I select the "Benzin"</h6>
                            <div class="node-step">passed</div>
                    </li>
                    <li test-id='68' class='gc then pass' status='pass'>
                        <h6 class="step-name" title=""><span class='status pass' title='pass'><i class='material-icons'>check_circle</i></span>Then I am asked to specify the horse power of the car</h6>
                            <div class="node-step">passed</div>
                    </li>
                    <li test-id='69' class='gc when pass' status='pass'>
                        <h6 class="step-name" title=""><span class='status pass' title='pass'><i class='material-icons'>check_circle</i></span>When I select the "95 kW / 129 PS" of engine</h6>
                            <div class="node-step">passed</div>
                    </li>
                    <li test-id='70' class='gc then pass' status='pass'>
                        <h6 class="step-name" title=""><span class='status pass' title='pass'><i class='material-icons'>check_circle</i></span>Then I am asked specify Engine</h6>
                            <div class="node-step">passed</div>
                    </li>
                    <li test-id='71' class='gc when pass' status='pass'>
                        <h6 class="step-name" title=""><span class='status pass' title='pass'><i class='material-icons'>check_circle</i></span>When I select the "HSN: 0005, TSN: 874" of the car</h6>
                            <div class="node-step">passed</div>
                    </li>
                    <li test-id='72' class='gc then pass' status='pass'>
                        <h6 class="step-name" title=""><span class='status pass' title='pass'><i class='material-icons'>check_circle</i></span>Then I am asked to specify the registeration date</h6>
                            <div class="node-step">passed</div>
                    </li>
                    <li test-id='73' class='gc when pass' status='pass'>
                        <h6 class="step-name" title=""><span class='status pass' title='pass'><i class='material-icons'>check_circle</i></span>When I specify the registeration date</h6>
                            <div class="node-step">passed</div>
                    </li>
                    <li test-id='74' class='gc then pass' status='pass'>
                        <h6 class="step-name" title=""><span class='status pass' title='pass'><i class='material-icons'>check_circle</i></span>Then I am asked to specify my birth date</h6>
                            <div class="node-step">passed</div>
                    </li>
            </ul>
        </li>
        <li test-id='75' class='node scenario pass' status='pass'>
            <div class="step-name" title=""><span class='status pass' title='pass'><i class='material-icons'>check_circle</i></span>The customer should be able to register for an insurance.</div>
            <ul class='gc steps'>
                    <li test-id='76' class='gc given pass' status='pass'>
                        <h6 class="step-name" title=""><span class='status pass' title='pass'><i class='material-icons'>check_circle</i></span>Given I am in the starting page</h6>
                            <div class="node-step">passed</div>
                    </li>
                    <li test-id='77' class='gc and pass' status='pass'>
                        <h6 class="step-name" title=""><span class='status pass' title='pass'><i class='material-icons'>check_circle</i></span>And The car is already insured</h6>
                            <div class="node-step">passed</div>
                    </li>
                    <li test-id='78' class='gc and pass' status='pass'>
                        <h6 class="step-name" title=""><span class='status pass' title='pass'><i class='material-icons'>check_circle</i></span>And I want to have an insurance from today</h6>
                            <div class="node-step">passed</div>
                    </li>
                    <li test-id='79' class='gc when pass' status='pass'>
                        <h6 class="step-name" title=""><span class='status pass' title='pass'><i class='material-icons'>check_circle</i></span>When I click on Weiter button</h6>
                            <div class="node-step">passed</div>
                    </li>
                    <li test-id='80' class='gc then pass' status='pass'>
                        <h6 class="step-name" title=""><span class='status pass' title='pass'><i class='material-icons'>check_circle</i></span>Then It asks for the owner of the car</h6>
                            <div class="node-step">passed</div>
                    </li>
                    <li test-id='81' class='gc and pass' status='pass'>
                        <h6 class="step-name" title=""><span class='status pass' title='pass'><i class='material-icons'>check_circle</i></span>And I am not the ownner of the car</h6>
                            <div class="node-step">passed</div>
                    </li>
                    <li test-id='82' class='gc and pass' status='pass'>
                        <h6 class="step-name" title=""><span class='status pass' title='pass'><i class='material-icons'>check_circle</i></span>And the car is new when i purchase it</h6>
                            <div class="node-step">passed</div>
                    </li>
                    <li test-id='83' class='gc when pass' status='pass'>
                        <h6 class="step-name" title=""><span class='status pass' title='pass'><i class='material-icons'>check_circle</i></span>When I click on Weiter</h6>
                            <div class="node-step">passed</div>
                    </li>
                    <li test-id='84' class='gc then pass' status='pass'>
                        <h6 class="step-name" title=""><span class='status pass' title='pass'><i class='material-icons'>check_circle</i></span>Then It navigates to selectVehicle</h6>
                            <div class="node-step">passed</div>
                    </li>
                    <li test-id='85' class='gc when pass' status='pass'>
                        <h6 class="step-name" title=""><span class='status pass' title='pass'><i class='material-icons'>check_circle</i></span>When I click on the "BMW" of my car in the list</h6>
                            <div class="node-step">passed</div>
                    </li>
                    <li test-id='86' class='gc then pass' status='pass'>
                        <h6 class="step-name" title=""><span class='status pass' title='pass'><i class='material-icons'>check_circle</i></span>Then I am asked to specify the model of my car in selectModel</h6>
                            <div class="node-step">passed</div>
                    </li>
                    <li test-id='87' class='gc when pass' status='pass'>
                        <h6 class="step-name" title=""><span class='status pass' title='pass'><i class='material-icons'>check_circle</i></span>When I click on the "1er" of my car</h6>
                            <div class="node-step">passed</div>
                    </li>
                    <li test-id='88' class='gc then pass' status='pass'>
                        <h6 class="step-name" title=""><span class='status pass' title='pass'><i class='material-icons'>check_circle</i></span>Then I am asked to specify the body type of the car</h6>
                            <div class="node-step">passed</div>
                    </li>
                    <li test-id='89' class='gc when pass' status='pass'>
                        <h6 class="step-name" title=""><span class='status pass' title='pass'><i class='material-icons'>check_circle</i></span>When I click on the "Cabrio" of the car</h6>
                            <div class="node-step">passed</div>
                    </li>
                    <li test-id='90' class='gc then pass' status='pass'>
                        <h6 class="step-name" title=""><span class='status pass' title='pass'><i class='material-icons'>check_circle</i></span>Then I am asked to specify the Fuel Type of the car</h6>
                            <div class="node-step">passed</div>
                    </li>
                    <li test-id='91' class='gc when pass' status='pass'>
                        <h6 class="step-name" title=""><span class='status pass' title='pass'><i class='material-icons'>check_circle</i></span>When I select the "Benzin"</h6>
                            <div class="node-step">passed</div>
                    </li>
                    <li test-id='92' class='gc then pass' status='pass'>
                        <h6 class="step-name" title=""><span class='status pass' title='pass'><i class='material-icons'>check_circle</i></span>Then I am asked to specify the horse power of the car</h6>
                            <div class="node-step">passed</div>
                    </li>
                    <li test-id='93' class='gc when pass' status='pass'>
                        <h6 class="step-name" title=""><span class='status pass' title='pass'><i class='material-icons'>check_circle</i></span>When I select the "105 kW / 143 PS" of engine</h6>
                            <div class="node-step">passed</div>
                    </li>
                    <li test-id='94' class='gc then pass' status='pass'>
                        <h6 class="step-name" title=""><span class='status pass' title='pass'><i class='material-icons'>check_circle</i></span>Then I am asked specify Engine</h6>
                            <div class="node-step">passed</div>
                    </li>
                    <li test-id='95' class='gc when pass' status='pass'>
                        <h6 class="step-name" title=""><span class='status pass' title='pass'><i class='material-icons'>check_circle</i></span>When I select the "HSN: 0005, TSN: AMP" of the car</h6>
                            <div class="node-step">passed</div>
                    </li>
                    <li test-id='96' class='gc then pass' status='pass'>
                        <h6 class="step-name" title=""><span class='status pass' title='pass'><i class='material-icons'>check_circle</i></span>Then I am asked to specify the registeration date</h6>
                            <div class="node-step">passed</div>
                    </li>
                    <li test-id='97' class='gc when pass' status='pass'>
                        <h6 class="step-name" title=""><span class='status pass' title='pass'><i class='material-icons'>check_circle</i></span>When I specify the registeration date</h6>
                            <div class="node-step">passed</div>
                    </li>
                    <li test-id='98' class='gc then pass' status='pass'>
                        <h6 class="step-name" title=""><span class='status pass' title='pass'><i class='material-icons'>check_circle</i></span>Then I am asked to specify my birth date</h6>
                            <div class="node-step">passed</div>
                    </li>
            </ul>
        </li>
        <li test-id='99' class='node scenario pass' status='pass'>
            <div class="step-name" title=""><span class='status pass' title='pass'><i class='material-icons'>check_circle</i></span>The customer should be able to register for an insurance.</div>
            <ul class='gc steps'>
                    <li test-id='100' class='gc given pass' status='pass'>
                        <h6 class="step-name" title=""><span class='status pass' title='pass'><i class='material-icons'>check_circle</i></span>Given I am in the starting page</h6>
                            <div class="node-step">passed</div>
                    </li>
                    <li test-id='101' class='gc and pass' status='pass'>
                        <h6 class="step-name" title=""><span class='status pass' title='pass'><i class='material-icons'>check_circle</i></span>And The car is already insured</h6>
                            <div class="node-step">passed</div>
                    </li>
                    <li test-id='102' class='gc and pass' status='pass'>
                        <h6 class="step-name" title=""><span class='status pass' title='pass'><i class='material-icons'>check_circle</i></span>And I want to have an insurance from today</h6>
                            <div class="node-step">passed</div>
                    </li>
                    <li test-id='103' class='gc when pass' status='pass'>
                        <h6 class="step-name" title=""><span class='status pass' title='pass'><i class='material-icons'>check_circle</i></span>When I click on Weiter button</h6>
                            <div class="node-step">passed</div>
                    </li>
                    <li test-id='104' class='gc then pass' status='pass'>
                        <h6 class="step-name" title=""><span class='status pass' title='pass'><i class='material-icons'>check_circle</i></span>Then It asks for the owner of the car</h6>
                            <div class="node-step">passed</div>
                    </li>
                    <li test-id='105' class='gc and pass' status='pass'>
                        <h6 class="step-name" title=""><span class='status pass' title='pass'><i class='material-icons'>check_circle</i></span>And I am not the ownner of the car</h6>
                            <div class="node-step">passed</div>
                    </li>
                    <li test-id='106' class='gc and pass' status='pass'>
                        <h6 class="step-name" title=""><span class='status pass' title='pass'><i class='material-icons'>check_circle</i></span>And the car is new when i purchase it</h6>
                            <div class="node-step">passed</div>
                    </li>
                    <li test-id='107' class='gc when pass' status='pass'>
                        <h6 class="step-name" title=""><span class='status pass' title='pass'><i class='material-icons'>check_circle</i></span>When I click on Weiter</h6>
                            <div class="node-step">passed</div>
                    </li>
                    <li test-id='108' class='gc then pass' status='pass'>
                        <h6 class="step-name" title=""><span class='status pass' title='pass'><i class='material-icons'>check_circle</i></span>Then It navigates to selectVehicle</h6>
                            <div class="node-step">passed</div>
                    </li>
                    <li test-id='109' class='gc when pass' status='pass'>
                        <h6 class="step-name" title=""><span class='status pass' title='pass'><i class='material-icons'>check_circle</i></span>When I click on the "BMW" of my car in the list</h6>
                            <div class="node-step">passed</div>
                    </li>
                    <li test-id='110' class='gc then pass' status='pass'>
                        <h6 class="step-name" title=""><span class='status pass' title='pass'><i class='material-icons'>check_circle</i></span>Then I am asked to specify the model of my car in selectModel</h6>
                            <div class="node-step">passed</div>
                    </li>
                    <li test-id='111' class='gc when pass' status='pass'>
                        <h6 class="step-name" title=""><span class='status pass' title='pass'><i class='material-icons'>check_circle</i></span>When I click on the "2er" of my car</h6>
                            <div class="node-step">passed</div>
                    </li>
                    <li test-id='112' class='gc then pass' status='pass'>
                        <h6 class="step-name" title=""><span class='status pass' title='pass'><i class='material-icons'>check_circle</i></span>Then I am asked to specify the body type of the car</h6>
                            <div class="node-step">passed</div>
                    </li>
                    <li test-id='113' class='gc when pass' status='pass'>
                        <h6 class="step-name" title=""><span class='status pass' title='pass'><i class='material-icons'>check_circle</i></span>When I click on the "Coupe" of the car</h6>
                            <div class="node-step">passed</div>
                    </li>
                    <li test-id='114' class='gc then pass' status='pass'>
                        <h6 class="step-name" title=""><span class='status pass' title='pass'><i class='material-icons'>check_circle</i></span>Then I am asked to specify the Fuel Type of the car</h6>
                            <div class="node-step">passed</div>
                    </li>
                    <li test-id='115' class='gc when pass' status='pass'>
                        <h6 class="step-name" title=""><span class='status pass' title='pass'><i class='material-icons'>check_circle</i></span>When I select the "Diesel"</h6>
                            <div class="node-step">passed</div>
                    </li>
                    <li test-id='116' class='gc then pass' status='pass'>
                        <h6 class="step-name" title=""><span class='status pass' title='pass'><i class='material-icons'>check_circle</i></span>Then I am asked to specify the horse power of the car</h6>
                            <div class="node-step">passed</div>
                    </li>
                    <li test-id='117' class='gc when pass' status='pass'>
                        <h6 class="step-name" title=""><span class='status pass' title='pass'><i class='material-icons'>check_circle</i></span>When I select the "110 kW / 150 PS" of engine</h6>
                            <div class="node-step">passed</div>
                    </li>
                    <li test-id='118' class='gc then pass' status='pass'>
                        <h6 class="step-name" title=""><span class='status pass' title='pass'><i class='material-icons'>check_circle</i></span>Then I am asked specify Engine</h6>
                            <div class="node-step">passed</div>
                    </li>
                    <li test-id='119' class='gc when pass' status='pass'>
                        <h6 class="step-name" title=""><span class='status pass' title='pass'><i class='material-icons'>check_circle</i></span>When I select the "HSN: 0005, TSN: CCX" of the car</h6>
                            <div class="node-step">passed</div>
                    </li>
                    <li test-id='120' class='gc then pass' status='pass'>
                        <h6 class="step-name" title=""><span class='status pass' title='pass'><i class='material-icons'>check_circle</i></span>Then I am asked to specify the registeration date</h6>
                            <div class="node-step">passed</div>
                    </li>
                    <li test-id='121' class='gc when pass' status='pass'>
                        <h6 class="step-name" title=""><span class='status pass' title='pass'><i class='material-icons'>check_circle</i></span>When I specify the registeration date</h6>
                            <div class="node-step">passed</div>
                    </li>
                    <li test-id='122' class='gc then pass' status='pass'>
                        <h6 class="step-name" title=""><span class='status pass' title='pass'><i class='material-icons'>check_circle</i></span>Then I am asked to specify my birth date</h6>
                            <div class="node-step">passed</div>
                    </li>
            </ul>
        </li>
        <li test-id='123' class='node scenario pass' status='pass'>
            <div class="step-name" title=""><span class='status pass' title='pass'><i class='material-icons'>check_circle</i></span>The customer should be able to register for an insurance.</div>
            <ul class='gc steps'>
                    <li test-id='124' class='gc given pass' status='pass'>
                        <h6 class="step-name" title=""><span class='status pass' title='pass'><i class='material-icons'>check_circle</i></span>Given I am in the starting page</h6>
                            <div class="node-step">passed</div>
                    </li>
                    <li test-id='125' class='gc and pass' status='pass'>
                        <h6 class="step-name" title=""><span class='status pass' title='pass'><i class='material-icons'>check_circle</i></span>And The car is already insured</h6>
                            <div class="node-step">passed</div>
                    </li>
                    <li test-id='126' class='gc and pass' status='pass'>
                        <h6 class="step-name" title=""><span class='status pass' title='pass'><i class='material-icons'>check_circle</i></span>And I want to have an insurance from today</h6>
                            <div class="node-step">passed</div>
                    </li>
                    <li test-id='127' class='gc when pass' status='pass'>
                        <h6 class="step-name" title=""><span class='status pass' title='pass'><i class='material-icons'>check_circle</i></span>When I click on Weiter button</h6>
                            <div class="node-step">passed</div>
                    </li>
                    <li test-id='128' class='gc then pass' status='pass'>
                        <h6 class="step-name" title=""><span class='status pass' title='pass'><i class='material-icons'>check_circle</i></span>Then It asks for the owner of the car</h6>
                            <div class="node-step">passed</div>
                    </li>
                    <li test-id='129' class='gc and pass' status='pass'>
                        <h6 class="step-name" title=""><span class='status pass' title='pass'><i class='material-icons'>check_circle</i></span>And I am not the ownner of the car</h6>
                            <div class="node-step">passed</div>
                    </li>
                    <li test-id='130' class='gc and pass' status='pass'>
                        <h6 class="step-name" title=""><span class='status pass' title='pass'><i class='material-icons'>check_circle</i></span>And the car is new when i purchase it</h6>
                            <div class="node-step">passed</div>
                    </li>
                    <li test-id='131' class='gc when pass' status='pass'>
                        <h6 class="step-name" title=""><span class='status pass' title='pass'><i class='material-icons'>check_circle</i></span>When I click on Weiter</h6>
                            <div class="node-step">passed</div>
                    </li>
                    <li test-id='132' class='gc then pass' status='pass'>
                        <h6 class="step-name" title=""><span class='status pass' title='pass'><i class='material-icons'>check_circle</i></span>Then It navigates to selectVehicle</h6>
                            <div class="node-step">passed</div>
                    </li>
                    <li test-id='133' class='gc when pass' status='pass'>
                        <h6 class="step-name" title=""><span class='status pass' title='pass'><i class='material-icons'>check_circle</i></span>When I click on the "CADILLAC" of my car in the list</h6>
                            <div class="node-step">passed</div>
                    </li>
                    <li test-id='134' class='gc then pass' status='pass'>
                        <h6 class="step-name" title=""><span class='status pass' title='pass'><i class='material-icons'>check_circle</i></span>Then I am asked to specify the model of my car in selectModel</h6>
                            <div class="node-step">passed</div>
                    </li>
                    <li test-id='135' class='gc when pass' status='pass'>
                        <h6 class="step-name" title=""><span class='status pass' title='pass'><i class='material-icons'>check_circle</i></span>When I click on the "BLS" of my car</h6>
                            <div class="node-step">passed</div>
                    </li>
                    <li test-id='136' class='gc then pass' status='pass'>
                        <h6 class="step-name" title=""><span class='status pass' title='pass'><i class='material-icons'>check_circle</i></span>Then I am asked to specify the body type of the car</h6>
                            <div class="node-step">passed</div>
                    </li>
                    <li test-id='137' class='gc when pass' status='pass'>
                        <h6 class="step-name" title=""><span class='status pass' title='pass'><i class='material-icons'>check_circle</i></span>When I click on the "Limousine" of the car</h6>
                            <div class="node-step">passed</div>
                    </li>
                    <li test-id='138' class='gc then pass' status='pass'>
                        <h6 class="step-name" title=""><span class='status pass' title='pass'><i class='material-icons'>check_circle</i></span>Then I am asked to specify the Fuel Type of the car</h6>
                            <div class="node-step">passed</div>
                    </li>
                    <li test-id='139' class='gc when pass' status='pass'>
                        <h6 class="step-name" title=""><span class='status pass' title='pass'><i class='material-icons'>check_circle</i></span>When I select the "Benzin"</h6>
                            <div class="node-step">passed</div>
                    </li>
                    <li test-id='140' class='gc then pass' status='pass'>
                        <h6 class="step-name" title=""><span class='status pass' title='pass'><i class='material-icons'>check_circle</i></span>Then I am asked to specify the horse power of the car</h6>
                            <div class="node-step">passed</div>
                    </li>
                    <li test-id='141' class='gc when pass' status='pass'>
                        <h6 class="step-name" title=""><span class='status pass' title='pass'><i class='material-icons'>check_circle</i></span>When I select the "129 kW / 175 PS" of engine</h6>
                            <div class="node-step">passed</div>
                    </li>
                    <li test-id='142' class='gc then pass' status='pass'>
                        <h6 class="step-name" title=""><span class='status pass' title='pass'><i class='material-icons'>check_circle</i></span>Then I am asked specify Engine</h6>
                            <div class="node-step">passed</div>
                    </li>
                    <li test-id='143' class='gc when pass' status='pass'>
                        <h6 class="step-name" title=""><span class='status pass' title='pass'><i class='material-icons'>check_circle</i></span>When I select the "HSN: 9116, TSN: AAM" of the car</h6>
                            <div class="node-step">passed</div>
                    </li>
                    <li test-id='144' class='gc then pass' status='pass'>
                        <h6 class="step-name" title=""><span class='status pass' title='pass'><i class='material-icons'>check_circle</i></span>Then I am asked to specify the registeration date</h6>
                            <div class="node-step">passed</div>
                    </li>
                    <li test-id='145' class='gc when pass' status='pass'>
                        <h6 class="step-name" title=""><span class='status pass' title='pass'><i class='material-icons'>check_circle</i></span>When I specify the registeration date</h6>
                            <div class="node-step">passed</div>
                    </li>
                    <li test-id='146' class='gc then pass' status='pass'>
                        <h6 class="step-name" title=""><span class='status pass' title='pass'><i class='material-icons'>check_circle</i></span>Then I am asked to specify my birth date</h6>
                            <div class="node-step">passed</div>
                    </li>
            </ul>
        </li>
        <li test-id='147' class='node scenario fail' status='fail'>
            <div class="step-name" title=""><span class='status fail' title='fail'><i class='material-icons'>cancel</i></span>The customer should be able to register for an insurance.</div>
            <ul class='gc steps'>
                    <li test-id='148' class='gc given pass' status='pass'>
                        <h6 class="step-name" title=""><span class='status pass' title='pass'><i class='material-icons'>check_circle</i></span>Given I am in the starting page</h6>
                            <div class="node-step">passed</div>
                    </li>
                    <li test-id='149' class='gc and pass' status='pass'>
                        <h6 class="step-name" title=""><span class='status pass' title='pass'><i class='material-icons'>check_circle</i></span>And The car is already insured</h6>
                            <div class="node-step">passed</div>
                    </li>
                    <li test-id='150' class='gc and pass' status='pass'>
                        <h6 class="step-name" title=""><span class='status pass' title='pass'><i class='material-icons'>check_circle</i></span>And I want to have an insurance from today</h6>
                            <div class="node-step">passed</div>
                    </li>
                    <li test-id='151' class='gc when pass' status='pass'>
                        <h6 class="step-name" title=""><span class='status pass' title='pass'><i class='material-icons'>check_circle</i></span>When I click on Weiter button</h6>
                            <div class="node-step">passed</div>
                    </li>
                    <li test-id='152' class='gc then pass' status='pass'>
                        <h6 class="step-name" title=""><span class='status pass' title='pass'><i class='material-icons'>check_circle</i></span>Then It asks for the owner of the car</h6>
                            <div class="node-step">passed</div>
                    </li>
                    <li test-id='153' class='gc and pass' status='pass'>
                        <h6 class="step-name" title=""><span class='status pass' title='pass'><i class='material-icons'>check_circle</i></span>And I am not the ownner of the car</h6>
                            <div class="node-step">passed</div>
                    </li>
                    <li test-id='154' class='gc and pass' status='pass'>
                        <h6 class="step-name" title=""><span class='status pass' title='pass'><i class='material-icons'>check_circle</i></span>And the car is new when i purchase it</h6>
                            <div class="node-step">passed</div>
                    </li>
                    <li test-id='155' class='gc when pass' status='pass'>
                        <h6 class="step-name" title=""><span class='status pass' title='pass'><i class='material-icons'>check_circle</i></span>When I click on Weiter</h6>
                            <div class="node-step">passed</div>
                    </li>
                    <li test-id='156' class='gc then pass' status='pass'>
                        <h6 class="step-name" title=""><span class='status pass' title='pass'><i class='material-icons'>check_circle</i></span>Then It navigates to selectVehicle</h6>
                            <div class="node-step">passed</div>
                    </li>
                    <li test-id='157' class='gc when pass' status='pass'>
                        <h6 class="step-name" title=""><span class='status pass' title='pass'><i class='material-icons'>check_circle</i></span>When I click on the "TOYOTA" of my car in the list</h6>
                            <div class="node-step">passed</div>
                    </li>
                    <li test-id='158' class='gc then pass' status='pass'>
                        <h6 class="step-name" title=""><span class='status pass' title='pass'><i class='material-icons'>check_circle</i></span>Then I am asked to specify the model of my car in selectModel</h6>
                            <div class="node-step">passed</div>
                    </li>
                    <li test-id='159' class='gc when pass' status='pass'>
                        <h6 class="step-name" title=""><span class='status pass' title='pass'><i class='material-icons'>check_circle</i></span>When I click on the "GT86" of my car</h6>
                            <div class="node-step">passed</div>
                    </li>
                    <li test-id='160' class='gc then fail' status='fail'>
                        <h6 class="step-name" title=""><span class='status fail' title='fail'><i class='material-icons'>cancel</i></span>Then I am asked to specify the body type of the car</h6>
                            <textarea disabled class="code-block">org.openqa.selenium.TimeoutException: Expected condition failed: waiting for element to be clickable: By.xpath: //div[contains(.,'Welche Form hat das Auto?')] (tried for 2 second(s) with 500 milliseconds interval)
	at org.openqa.selenium.support.ui.WebDriverWait.timeoutException(WebDriverWait.java:95)
	at org.openqa.selenium.support.ui.FluentWait.until(FluentWait.java:272)
	at services.Driver.waitForElement(Driver.java:50)
	at pageObjects.SelectBodyType.<init>(SelectBodyType.java:15)
	at stepDefinitions.RegisterInsuranceSteps.i_am_ask_to_specify_the_body_type_of_the_car(RegisterInsuranceSteps.java:120)
	at .Then I am asked to specify the body type of the car(registerInsurance.feature:17)
Caused by: org.openqa.selenium.NoSuchElementException: no such element: Unable to locate element: {"method":"xpath","selector":"//div[contains(.,'Welche Form hat das Auto?')]"}
  (Session info: chrome=79.0.3945.88)
For documentation on this error, please visit: https://www.seleniumhq.org/exceptions/no_such_element.html
Build info: version: '3.141.59', revision: 'e82be7d358', time: '2018-11-14T08:17:03'
System info: host: 'LAPTOP-R1MUDANH', ip: '192.168.178.49', os.name: 'Windows 10', os.arch: 'amd64', os.version: '10.0', java.version: '1.8.0_191'
Driver info: org.openqa.selenium.chrome.ChromeDriver
Capabilities {acceptInsecureCerts: false, browserName: chrome, browserVersion: 79.0.3945.88, chrome: {chromedriverVersion: 79.0.3945.36 (3582db32b3389..., userDataDir: C:\Users\salma\AppData\Loca...}, goog:chromeOptions: {debuggerAddress: localhost:59104}, javascriptEnabled: true, networkConnectionEnabled: false, pageLoadStrategy: normal, platform: WINDOWS, platformName: WINDOWS, proxy: Proxy(), setWindowRect: true, strictFileInteractability: false, timeouts: {implicit: 0, pageLoad: 300000, script: 30000}, unhandledPromptBehavior: dismiss and notify}
Session ID: 3e457ce461c5915d2b2c03bc53bb7941
*** Element info: {Using=xpath, value=//div[contains(.,'Welche Form hat das Auto?')]}
	at sun.reflect.GeneratedConstructorAccessor17.newInstance(Unknown Source)
	at sun.reflect.DelegatingConstructorAccessorImpl.newInstance(DelegatingConstructorAccessorImpl.java:45)
	at java.lang.reflect.Constructor.newInstance(Constructor.java:423)
	at org.openqa.selenium.remote.http.W3CHttpResponseCodec.createException(W3CHttpResponseCodec.java:187)
	at org.openqa.selenium.remote.http.W3CHttpResponseCodec.decode(W3CHttpResponseCodec.java:122)
	at org.openqa.selenium.remote.http.W3CHttpResponseCodec.decode(W3CHttpResponseCodec.java:49)
	at org.openqa.selenium.remote.HttpCommandExecutor.execute(HttpCommandExecutor.java:158)
	at org.openqa.selenium.remote.service.DriverCommandExecutor.execute(DriverCommandExecutor.java:83)
	at org.openqa.selenium.remote.RemoteWebDriver.execute(RemoteWebDriver.java:552)
	at org.openqa.selenium.remote.RemoteWebDriver.findElement(RemoteWebDriver.java:323)
	at org.openqa.selenium.remote.RemoteWebDriver.findElementByXPath(RemoteWebDriver.java:428)
	at org.openqa.selenium.By$ByXPath.findElement(By.java:353)
	at org.openqa.selenium.remote.RemoteWebDriver.findElement(RemoteWebDriver.java:315)
	at org.openqa.selenium.support.ui.ExpectedConditions$7.apply(ExpectedConditions.java:205)
	at org.openqa.selenium.support.ui.ExpectedConditions$7.apply(ExpectedConditions.java:201)
	at org.openqa.selenium.support.ui.ExpectedConditions$22.apply(ExpectedConditions.java:641)
	at org.openqa.selenium.support.ui.ExpectedConditions$22.apply(ExpectedConditions.java:638)
	at org.openqa.selenium.support.ui.FluentWait.until(FluentWait.java:249)
	at services.Driver.waitForElement(Driver.java:50)
	at pageObjects.SelectBodyType.<init>(SelectBodyType.java:15)
	at stepDefinitions.RegisterInsuranceSteps.i_am_ask_to_specify_the_body_type_of_the_car(RegisterInsuranceSteps.java:120)
	at sun.reflect.NativeMethodAccessorImpl.invoke0(Native Method)
	at sun.reflect.NativeMethodAccessorImpl.invoke(NativeMethodAccessorImpl.java:62)
	at sun.reflect.DelegatingMethodAccessorImpl.invoke(DelegatingMethodAccessorImpl.java:43)
	at java.lang.reflect.Method.invoke(Method.java:498)
	at cucumber.runtime.Utils$1.call(Utils.java:40)
	at cucumber.runtime.Timeout.timeout(Timeout.java:16)
	at cucumber.runtime.Utils.invoke(Utils.java:34)
	at cucumber.runtime.java.JavaStepDefinition.execute(JavaStepDefinition.java:38)
	at cucumber.runtime.StepDefinitionMatch.runStep(StepDefinitionMatch.java:37)
	at cucumber.runtime.Runtime.runStep(Runtime.java:300)
	at cucumber.runtime.model.StepContainer.runStep(StepContainer.java:44)
	at cucumber.runtime.model.StepContainer.runSteps(StepContainer.java:39)
	at cucumber.runtime.model.CucumberScenario.run(CucumberScenario.java:44)
	at cucumber.runtime.junit.ExecutionUnitRunner.run(ExecutionUnitRunner.java:102)
	at org.junit.runners.Suite.runChild(Suite.java:128)
	at org.junit.runners.Suite.runChild(Suite.java:27)
	at org.junit.runners.ParentRunner$3.run(ParentRunner.java:290)
	at org.junit.runners.ParentRunner$1.schedule(ParentRunner.java:71)
	at org.junit.runners.ParentRunner.runChildren(ParentRunner.java:288)
	at org.junit.runners.ParentRunner.access$000(ParentRunner.java:58)
	at org.junit.runners.ParentRunner$2.evaluate(ParentRunner.java:268)
	at org.junit.runners.ParentRunner.run(ParentRunner.java:363)
	at cucumber.runtime.junit.ExamplesRunner.run(ExamplesRunner.java:59)
	at org.junit.runners.Suite.runChild(Suite.java:128)
	at org.junit.runners.Suite.runChild(Suite.java:27)
	at org.junit.runners.ParentRunner$3.run(ParentRunner.java:290)
	at org.junit.runners.ParentRunner$1.schedule(ParentRunner.java:71)
	at org.junit.runners.ParentRunner.runChildren(ParentRunner.java:288)
	at org.junit.runners.ParentRunner.access$000(ParentRunner.java:58)
	at org.junit.runners.ParentRunner$2.evaluate(ParentRunner.java:268)
	at org.junit.runners.ParentRunner.run(ParentRunner.java:363)
	at cucumber.runtime.junit.ScenarioOutlineRunner.run(ScenarioOutlineRunner.java:53)
	at cucumber.runtime.junit.FeatureRunner.runChild(FeatureRunner.java:63)
	at cucumber.runtime.junit.FeatureRunner.runChild(FeatureRunner.java:18)
	at org.junit.runners.ParentRunner$3.run(ParentRunner.java:290)
	at org.junit.runners.ParentRunner$1.schedule(ParentRunner.java:71)
	at org.junit.runners.ParentRunner.runChildren(ParentRunner.java:288)
	at org.junit.runners.ParentRunner.access$000(ParentRunner.java:58)
	at org.junit.runners.ParentRunner$2.evaluate(ParentRunner.java:268)
	at org.junit.runners.ParentRunner.run(ParentRunner.java:363)
	at cucumber.runtime.junit.FeatureRunner.run(FeatureRunner.java:70)
	at cucumber.api.junit.Cucumber.runChild(Cucumber.java:95)
	at cucumber.api.junit.Cucumber.runChild(Cucumber.java:38)
	at org.junit.runners.ParentRunner$3.run(ParentRunner.java:290)
	at org.junit.runners.ParentRunner$1.schedule(ParentRunner.java:71)
	at org.junit.runners.ParentRunner.runChildren(ParentRunner.java:288)
	at org.junit.runners.ParentRunner.access$000(ParentRunner.java:58)
	at org.junit.runners.ParentRunner$2.evaluate(ParentRunner.java:268)
	at org.junit.internal.runners.statements.RunAfters.evaluate(RunAfters.java:27)
	at org.junit.runners.ParentRunner.run(ParentRunner.java:363)
	at cucumber.api.junit.Cucumber.run(Cucumber.java:100)
	at org.eclipse.jdt.internal.junit4.runner.JUnit4TestReference.run(JUnit4TestReference.java:89)
	at org.eclipse.jdt.internal.junit.runner.TestExecution.run(TestExecution.java:41)
	at org.eclipse.jdt.internal.junit.runner.RemoteTestRunner.runTests(RemoteTestRunner.java:541)
	at org.eclipse.jdt.internal.junit.runner.RemoteTestRunner.runTests(RemoteTestRunner.java:763)
	at org.eclipse.jdt.internal.junit.runner.RemoteTestRunner.run(RemoteTestRunner.java:463)
	at org.eclipse.jdt.internal.junit.runner.RemoteTestRunner.main(RemoteTestRunner.java:209)
</textarea>
                                                </li>
                    <li test-id='161' class='gc when skip' status='skip'>
                        <h6 class="step-name" title=""><span class='status skip' title='skip'><i class='material-icons'>redo</i></span>When I click on the "Kombi" of the car</h6>
                            <div class="node-step">skipped</div>
                    </li>
                    <li test-id='162' class='gc then skip' status='skip'>
                        <h6 class="step-name" title=""><span class='status skip' title='skip'><i class='material-icons'>redo</i></span>Then I am asked to specify the Fuel Type of the car</h6>
                            <div class="node-step">skipped</div>
                    </li>
                    <li test-id='163' class='gc when skip' status='skip'>
                        <h6 class="step-name" title=""><span class='status skip' title='skip'><i class='material-icons'>redo</i></span>When I select the "Benzin"</h6>
                            <div class="node-step">skipped</div>
                    </li>
                    <li test-id='164' class='gc then skip' status='skip'>
                        <h6 class="step-name" title=""><span class='status skip' title='skip'><i class='material-icons'>redo</i></span>Then I am asked to specify the horse power of the car</h6>
                            <div class="node-step">skipped</div>
                    </li>
                    <li test-id='165' class='gc when skip' status='skip'>
                        <h6 class="step-name" title=""><span class='status skip' title='skip'><i class='material-icons'>redo</i></span>When I select the "73 kW / 99 PS" of engine</h6>
                            <div class="node-step">skipped</div>
                    </li>
                    <li test-id='166' class='gc then skip' status='skip'>
                        <h6 class="step-name" title=""><span class='status skip' title='skip'><i class='material-icons'>redo</i></span>Then I am asked specify Engine</h6>
                            <div class="node-step">skipped</div>
                    </li>
                    <li test-id='167' class='gc when skip' status='skip'>
                        <h6 class="step-name" title=""><span class='status skip' title='skip'><i class='material-icons'>redo</i></span>When I select the "HSN: 5013, TSN: AHS" of the car</h6>
                            <div class="node-step">skipped</div>
                    </li>
                    <li test-id='168' class='gc then skip' status='skip'>
                        <h6 class="step-name" title=""><span class='status skip' title='skip'><i class='material-icons'>redo</i></span>Then I am asked to specify the registeration date</h6>
                            <div class="node-step">skipped</div>
                    </li>
                    <li test-id='169' class='gc when skip' status='skip'>
                        <h6 class="step-name" title=""><span class='status skip' title='skip'><i class='material-icons'>redo</i></span>When I specify the registeration date</h6>
                            <div class="node-step">skipped</div>
                    </li>
                    <li test-id='170' class='gc then skip' status='skip'>
                        <h6 class="step-name" title=""><span class='status skip' title='skip'><i class='material-icons'>redo</i></span>Then I am asked to specify my birth date</h6>
                        <ul class='screenshots right'>
                            <li><a data-featherlight="image" href="C:\Users\salma\Documents\workspace-sts-3.9.6.RELEASE\friday\target\screenshots\1577181141616.png"><i class='material-icons'>panorama</i></a></li>
                        </ul>
                            <div class="node-step">skipped</div>
                    </li>
            </ul>
        </li>
        <li test-id='171' class='node scenario fail' status='fail'>
            <div class="step-name" title=""><span class='status fail' title='fail'><i class='material-icons'>cancel</i></span>The customer should be able to register for an insurance.</div>
            <ul class='gc steps'>
                    <li test-id='172' class='gc given pass' status='pass'>
                        <h6 class="step-name" title=""><span class='status pass' title='pass'><i class='material-icons'>check_circle</i></span>Given I am in the starting page</h6>
                            <div class="node-step">passed</div>
                    </li>
                    <li test-id='173' class='gc and pass' status='pass'>
                        <h6 class="step-name" title=""><span class='status pass' title='pass'><i class='material-icons'>check_circle</i></span>And The car is already insured</h6>
                            <div class="node-step">passed</div>
                    </li>
                    <li test-id='174' class='gc and pass' status='pass'>
                        <h6 class="step-name" title=""><span class='status pass' title='pass'><i class='material-icons'>check_circle</i></span>And I want to have an insurance from today</h6>
                            <div class="node-step">passed</div>
                    </li>
                    <li test-id='175' class='gc when pass' status='pass'>
                        <h6 class="step-name" title=""><span class='status pass' title='pass'><i class='material-icons'>check_circle</i></span>When I click on Weiter button</h6>
                            <div class="node-step">passed</div>
                    </li>
                    <li test-id='176' class='gc then pass' status='pass'>
                        <h6 class="step-name" title=""><span class='status pass' title='pass'><i class='material-icons'>check_circle</i></span>Then It asks for the owner of the car</h6>
                            <div class="node-step">passed</div>
                    </li>
                    <li test-id='177' class='gc and pass' status='pass'>
                        <h6 class="step-name" title=""><span class='status pass' title='pass'><i class='material-icons'>check_circle</i></span>And I am not the ownner of the car</h6>
                            <div class="node-step">passed</div>
                    </li>
                    <li test-id='178' class='gc and pass' status='pass'>
                        <h6 class="step-name" title=""><span class='status pass' title='pass'><i class='material-icons'>check_circle</i></span>And the car is new when i purchase it</h6>
                            <div class="node-step">passed</div>
                    </li>
                    <li test-id='179' class='gc when pass' status='pass'>
                        <h6 class="step-name" title=""><span class='status pass' title='pass'><i class='material-icons'>check_circle</i></span>When I click on Weiter</h6>
                            <div class="node-step">passed</div>
                    </li>
                    <li test-id='180' class='gc then pass' status='pass'>
                        <h6 class="step-name" title=""><span class='status pass' title='pass'><i class='material-icons'>check_circle</i></span>Then It navigates to selectVehicle</h6>
                            <div class="node-step">passed</div>
                    </li>
                    <li test-id='181' class='gc when pass' status='pass'>
                        <h6 class="step-name" title=""><span class='status pass' title='pass'><i class='material-icons'>check_circle</i></span>When I click on the "CADILLAC" of my car in the list</h6>
                            <div class="node-step">passed</div>
                    </li>
                    <li test-id='182' class='gc then pass' status='pass'>
                        <h6 class="step-name" title=""><span class='status pass' title='pass'><i class='material-icons'>check_circle</i></span>Then I am asked to specify the model of my car in selectModel</h6>
                            <div class="node-step">passed</div>
                    </li>
                    <li test-id='183' class='gc when pass' status='pass'>
                        <h6 class="step-name" title=""><span class='status pass' title='pass'><i class='material-icons'>check_circle</i></span>When I click on the "ATS" of my car</h6>
                            <div class="node-step">passed</div>
                    </li>
                    <li test-id='184' class='gc then fail' status='fail'>
                        <h6 class="step-name" title=""><span class='status fail' title='fail'><i class='material-icons'>cancel</i></span>Then I am asked to specify the body type of the car</h6>
                            <textarea disabled class="code-block">org.openqa.selenium.TimeoutException: Expected condition failed: waiting for element to be clickable: By.xpath: //div[contains(.,'Welche Form hat das Auto?')] (tried for 2 second(s) with 500 milliseconds interval)
	at org.openqa.selenium.support.ui.WebDriverWait.timeoutException(WebDriverWait.java:95)
	at org.openqa.selenium.support.ui.FluentWait.until(FluentWait.java:272)
	at services.Driver.waitForElement(Driver.java:50)
	at pageObjects.SelectBodyType.<init>(SelectBodyType.java:15)
	at stepDefinitions.RegisterInsuranceSteps.i_am_ask_to_specify_the_body_type_of_the_car(RegisterInsuranceSteps.java:120)
	at .Then I am asked to specify the body type of the car(registerInsurance.feature:17)
Caused by: org.openqa.selenium.NoSuchElementException: no such element: Unable to locate element: {"method":"xpath","selector":"//div[contains(.,'Welche Form hat das Auto?')]"}
  (Session info: chrome=79.0.3945.88)
For documentation on this error, please visit: https://www.seleniumhq.org/exceptions/no_such_element.html
Build info: version: '3.141.59', revision: 'e82be7d358', time: '2018-11-14T08:17:03'
System info: host: 'LAPTOP-R1MUDANH', ip: '192.168.178.49', os.name: 'Windows 10', os.arch: 'amd64', os.version: '10.0', java.version: '1.8.0_191'
Driver info: org.openqa.selenium.chrome.ChromeDriver
Capabilities {acceptInsecureCerts: false, browserName: chrome, browserVersion: 79.0.3945.88, chrome: {chromedriverVersion: 79.0.3945.36 (3582db32b3389..., userDataDir: C:\Users\salma\AppData\Loca...}, goog:chromeOptions: {debuggerAddress: localhost:59161}, javascriptEnabled: true, networkConnectionEnabled: false, pageLoadStrategy: normal, platform: WINDOWS, platformName: WINDOWS, proxy: Proxy(), setWindowRect: true, strictFileInteractability: false, timeouts: {implicit: 0, pageLoad: 300000, script: 30000}, unhandledPromptBehavior: dismiss and notify}
Session ID: 54122612024d75ba5cc93a20c081e60e
*** Element info: {Using=xpath, value=//div[contains(.,'Welche Form hat das Auto?')]}
	at sun.reflect.GeneratedConstructorAccessor17.newInstance(Unknown Source)
	at sun.reflect.DelegatingConstructorAccessorImpl.newInstance(DelegatingConstructorAccessorImpl.java:45)
	at java.lang.reflect.Constructor.newInstance(Constructor.java:423)
	at org.openqa.selenium.remote.http.W3CHttpResponseCodec.createException(W3CHttpResponseCodec.java:187)
	at org.openqa.selenium.remote.http.W3CHttpResponseCodec.decode(W3CHttpResponseCodec.java:122)
	at org.openqa.selenium.remote.http.W3CHttpResponseCodec.decode(W3CHttpResponseCodec.java:49)
	at org.openqa.selenium.remote.HttpCommandExecutor.execute(HttpCommandExecutor.java:158)
	at org.openqa.selenium.remote.service.DriverCommandExecutor.execute(DriverCommandExecutor.java:83)
	at org.openqa.selenium.remote.RemoteWebDriver.execute(RemoteWebDriver.java:552)
	at org.openqa.selenium.remote.RemoteWebDriver.findElement(RemoteWebDriver.java:323)
	at org.openqa.selenium.remote.RemoteWebDriver.findElementByXPath(RemoteWebDriver.java:428)
	at org.openqa.selenium.By$ByXPath.findElement(By.java:353)
	at org.openqa.selenium.remote.RemoteWebDriver.findElement(RemoteWebDriver.java:315)
	at org.openqa.selenium.support.ui.ExpectedConditions$7.apply(ExpectedConditions.java:205)
	at org.openqa.selenium.support.ui.ExpectedConditions$7.apply(ExpectedConditions.java:201)
	at org.openqa.selenium.support.ui.ExpectedConditions$22.apply(ExpectedConditions.java:641)
	at org.openqa.selenium.support.ui.ExpectedConditions$22.apply(ExpectedConditions.java:638)
	at org.openqa.selenium.support.ui.FluentWait.until(FluentWait.java:249)
	at services.Driver.waitForElement(Driver.java:50)
	at pageObjects.SelectBodyType.<init>(SelectBodyType.java:15)
	at stepDefinitions.RegisterInsuranceSteps.i_am_ask_to_specify_the_body_type_of_the_car(RegisterInsuranceSteps.java:120)
	at sun.reflect.NativeMethodAccessorImpl.invoke0(Native Method)
	at sun.reflect.NativeMethodAccessorImpl.invoke(NativeMethodAccessorImpl.java:62)
	at sun.reflect.DelegatingMethodAccessorImpl.invoke(DelegatingMethodAccessorImpl.java:43)
	at java.lang.reflect.Method.invoke(Method.java:498)
	at cucumber.runtime.Utils$1.call(Utils.java:40)
	at cucumber.runtime.Timeout.timeout(Timeout.java:16)
	at cucumber.runtime.Utils.invoke(Utils.java:34)
	at cucumber.runtime.java.JavaStepDefinition.execute(JavaStepDefinition.java:38)
	at cucumber.runtime.StepDefinitionMatch.runStep(StepDefinitionMatch.java:37)
	at cucumber.runtime.Runtime.runStep(Runtime.java:300)
	at cucumber.runtime.model.StepContainer.runStep(StepContainer.java:44)
	at cucumber.runtime.model.StepContainer.runSteps(StepContainer.java:39)
	at cucumber.runtime.model.CucumberScenario.run(CucumberScenario.java:44)
	at cucumber.runtime.junit.ExecutionUnitRunner.run(ExecutionUnitRunner.java:102)
	at org.junit.runners.Suite.runChild(Suite.java:128)
	at org.junit.runners.Suite.runChild(Suite.java:27)
	at org.junit.runners.ParentRunner$3.run(ParentRunner.java:290)
	at org.junit.runners.ParentRunner$1.schedule(ParentRunner.java:71)
	at org.junit.runners.ParentRunner.runChildren(ParentRunner.java:288)
	at org.junit.runners.ParentRunner.access$000(ParentRunner.java:58)
	at org.junit.runners.ParentRunner$2.evaluate(ParentRunner.java:268)
	at org.junit.runners.ParentRunner.run(ParentRunner.java:363)
	at cucumber.runtime.junit.ExamplesRunner.run(ExamplesRunner.java:59)
	at org.junit.runners.Suite.runChild(Suite.java:128)
	at org.junit.runners.Suite.runChild(Suite.java:27)
	at org.junit.runners.ParentRunner$3.run(ParentRunner.java:290)
	at org.junit.runners.ParentRunner$1.schedule(ParentRunner.java:71)
	at org.junit.runners.ParentRunner.runChildren(ParentRunner.java:288)
	at org.junit.runners.ParentRunner.access$000(ParentRunner.java:58)
	at org.junit.runners.ParentRunner$2.evaluate(ParentRunner.java:268)
	at org.junit.runners.ParentRunner.run(ParentRunner.java:363)
	at cucumber.runtime.junit.ScenarioOutlineRunner.run(ScenarioOutlineRunner.java:53)
	at cucumber.runtime.junit.FeatureRunner.runChild(FeatureRunner.java:63)
	at cucumber.runtime.junit.FeatureRunner.runChild(FeatureRunner.java:18)
	at org.junit.runners.ParentRunner$3.run(ParentRunner.java:290)
	at org.junit.runners.ParentRunner$1.schedule(ParentRunner.java:71)
	at org.junit.runners.ParentRunner.runChildren(ParentRunner.java:288)
	at org.junit.runners.ParentRunner.access$000(ParentRunner.java:58)
	at org.junit.runners.ParentRunner$2.evaluate(ParentRunner.java:268)
	at org.junit.runners.ParentRunner.run(ParentRunner.java:363)
	at cucumber.runtime.junit.FeatureRunner.run(FeatureRunner.java:70)
	at cucumber.api.junit.Cucumber.runChild(Cucumber.java:95)
	at cucumber.api.junit.Cucumber.runChild(Cucumber.java:38)
	at org.junit.runners.ParentRunner$3.run(ParentRunner.java:290)
	at org.junit.runners.ParentRunner$1.schedule(ParentRunner.java:71)
	at org.junit.runners.ParentRunner.runChildren(ParentRunner.java:288)
	at org.junit.runners.ParentRunner.access$000(ParentRunner.java:58)
	at org.junit.runners.ParentRunner$2.evaluate(ParentRunner.java:268)
	at org.junit.internal.runners.statements.RunAfters.evaluate(RunAfters.java:27)
	at org.junit.runners.ParentRunner.run(ParentRunner.java:363)
	at cucumber.api.junit.Cucumber.run(Cucumber.java:100)
	at org.eclipse.jdt.internal.junit4.runner.JUnit4TestReference.run(JUnit4TestReference.java:89)
	at org.eclipse.jdt.internal.junit.runner.TestExecution.run(TestExecution.java:41)
	at org.eclipse.jdt.internal.junit.runner.RemoteTestRunner.runTests(RemoteTestRunner.java:541)
	at org.eclipse.jdt.internal.junit.runner.RemoteTestRunner.runTests(RemoteTestRunner.java:763)
	at org.eclipse.jdt.internal.junit.runner.RemoteTestRunner.run(RemoteTestRunner.java:463)
	at org.eclipse.jdt.internal.junit.runner.RemoteTestRunner.main(RemoteTestRunner.java:209)
</textarea>
                                                </li>
                    <li test-id='185' class='gc when skip' status='skip'>
                        <h6 class="step-name" title=""><span class='status skip' title='skip'><i class='material-icons'>redo</i></span>When I click on the "Limousine" of the car</h6>
                            <div class="node-step">skipped</div>
                    </li>
                    <li test-id='186' class='gc then skip' status='skip'>
                        <h6 class="step-name" title=""><span class='status skip' title='skip'><i class='material-icons'>redo</i></span>Then I am asked to specify the Fuel Type of the car</h6>
                            <div class="node-step">skipped</div>
                    </li>
                    <li test-id='187' class='gc when skip' status='skip'>
                        <h6 class="step-name" title=""><span class='status skip' title='skip'><i class='material-icons'>redo</i></span>When I select the "Benzin"</h6>
                            <div class="node-step">skipped</div>
                    </li>
                    <li test-id='188' class='gc then skip' status='skip'>
                        <h6 class="step-name" title=""><span class='status skip' title='skip'><i class='material-icons'>redo</i></span>Then I am asked to specify the horse power of the car</h6>
                            <div class="node-step">skipped</div>
                    </li>
                    <li test-id='189' class='gc when skip' status='skip'>
                        <h6 class="step-name" title=""><span class='status skip' title='skip'><i class='material-icons'>redo</i></span>When I select the "129 kW / 175 PS" of engine</h6>
                            <div class="node-step">skipped</div>
                    </li>
                    <li test-id='190' class='gc then skip' status='skip'>
                        <h6 class="step-name" title=""><span class='status skip' title='skip'><i class='material-icons'>redo</i></span>Then I am asked specify Engine</h6>
                            <div class="node-step">skipped</div>
                    </li>
                    <li test-id='191' class='gc when skip' status='skip'>
                        <h6 class="step-name" title=""><span class='status skip' title='skip'><i class='material-icons'>redo</i></span>When I select the "HSN: 9116, TSN: AAM" of the car</h6>
                            <div class="node-step">skipped</div>
                    </li>
                    <li test-id='192' class='gc then skip' status='skip'>
                        <h6 class="step-name" title=""><span class='status skip' title='skip'><i class='material-icons'>redo</i></span>Then I am asked to specify the registeration date</h6>
                            <div class="node-step">skipped</div>
                    </li>
                    <li test-id='193' class='gc when skip' status='skip'>
                        <h6 class="step-name" title=""><span class='status skip' title='skip'><i class='material-icons'>redo</i></span>When I specify the registeration date</h6>
                            <div class="node-step">skipped</div>
                    </li>
                    <li test-id='194' class='gc then skip' status='skip'>
                        <h6 class="step-name" title=""><span class='status skip' title='skip'><i class='material-icons'>redo</i></span>Then I am asked to specify my birth date</h6>
                        <ul class='screenshots right'>
                            <li><a data-featherlight="image" href="C:\Users\salma\Documents\workspace-sts-3.9.6.RELEASE\friday\target\screenshots\1577181159703.png"><i class='material-icons'>panorama</i></a></li>
                        </ul>
                            <div class="node-step">skipped</div>
                    </li>
            </ul>
        </li>
        <li test-id='195' class='node scenario fail' status='fail'>
            <div class="step-name" title=""><span class='status fail' title='fail'><i class='material-icons'>cancel</i></span>The customer should be able to register for an insurance.</div>
            <ul class='gc steps'>
                    <li test-id='196' class='gc given pass' status='pass'>
                        <h6 class="step-name" title=""><span class='status pass' title='pass'><i class='material-icons'>check_circle</i></span>Given I am in the starting page</h6>
                            <div class="node-step">passed</div>
                    </li>
                    <li test-id='197' class='gc and pass' status='pass'>
                        <h6 class="step-name" title=""><span class='status pass' title='pass'><i class='material-icons'>check_circle</i></span>And The car is already insured</h6>
                            <div class="node-step">passed</div>
                    </li>
                    <li test-id='198' class='gc and pass' status='pass'>
                        <h6 class="step-name" title=""><span class='status pass' title='pass'><i class='material-icons'>check_circle</i></span>And I want to have an insurance from today</h6>
                            <div class="node-step">passed</div>
                    </li>
                    <li test-id='199' class='gc when pass' status='pass'>
                        <h6 class="step-name" title=""><span class='status pass' title='pass'><i class='material-icons'>check_circle</i></span>When I click on Weiter button</h6>
                            <div class="node-step">passed</div>
                    </li>
                    <li test-id='200' class='gc then pass' status='pass'>
                        <h6 class="step-name" title=""><span class='status pass' title='pass'><i class='material-icons'>check_circle</i></span>Then It asks for the owner of the car</h6>
                            <div class="node-step">passed</div>
                    </li>
                    <li test-id='201' class='gc and pass' status='pass'>
                        <h6 class="step-name" title=""><span class='status pass' title='pass'><i class='material-icons'>check_circle</i></span>And I am not the ownner of the car</h6>
                            <div class="node-step">passed</div>
                    </li>
                    <li test-id='202' class='gc and pass' status='pass'>
                        <h6 class="step-name" title=""><span class='status pass' title='pass'><i class='material-icons'>check_circle</i></span>And the car is new when i purchase it</h6>
                            <div class="node-step">passed</div>
                    </li>
                    <li test-id='203' class='gc when pass' status='pass'>
                        <h6 class="step-name" title=""><span class='status pass' title='pass'><i class='material-icons'>check_circle</i></span>When I click on Weiter</h6>
                            <div class="node-step">passed</div>
                    </li>
                    <li test-id='204' class='gc then pass' status='pass'>
                        <h6 class="step-name" title=""><span class='status pass' title='pass'><i class='material-icons'>check_circle</i></span>Then It navigates to selectVehicle</h6>
                            <div class="node-step">passed</div>
                    </li>
                    <li test-id='205' class='gc when pass' status='pass'>
                        <h6 class="step-name" title=""><span class='status pass' title='pass'><i class='material-icons'>check_circle</i></span>When I click on the "CADILLAC" of my car in the list</h6>
                            <div class="node-step">passed</div>
                    </li>
                    <li test-id='206' class='gc then pass' status='pass'>
                        <h6 class="step-name" title=""><span class='status pass' title='pass'><i class='material-icons'>check_circle</i></span>Then I am asked to specify the model of my car in selectModel</h6>
                            <div class="node-step">passed</div>
                    </li>
                    <li test-id='207' class='gc when pass' status='pass'>
                        <h6 class="step-name" title=""><span class='status pass' title='pass'><i class='material-icons'>check_circle</i></span>When I click on the "Eldorado" of my car</h6>
                            <div class="node-step">passed</div>
                    </li>
                    <li test-id='208' class='gc then fail' status='fail'>
                        <h6 class="step-name" title=""><span class='status fail' title='fail'><i class='material-icons'>cancel</i></span>Then I am asked to specify the body type of the car</h6>
                            <textarea disabled class="code-block">org.openqa.selenium.TimeoutException: Expected condition failed: waiting for element to be clickable: By.xpath: //div[contains(.,'Welche Form hat das Auto?')] (tried for 2 second(s) with 500 milliseconds interval)
	at org.openqa.selenium.support.ui.WebDriverWait.timeoutException(WebDriverWait.java:95)
	at org.openqa.selenium.support.ui.FluentWait.until(FluentWait.java:272)
	at services.Driver.waitForElement(Driver.java:50)
	at pageObjects.SelectBodyType.<init>(SelectBodyType.java:15)
	at stepDefinitions.RegisterInsuranceSteps.i_am_ask_to_specify_the_body_type_of_the_car(RegisterInsuranceSteps.java:120)
	at .Then I am asked to specify the body type of the car(registerInsurance.feature:17)
Caused by: org.openqa.selenium.NoSuchElementException: no such element: Unable to locate element: {"method":"xpath","selector":"//div[contains(.,'Welche Form hat das Auto?')]"}
  (Session info: chrome=79.0.3945.88)
For documentation on this error, please visit: https://www.seleniumhq.org/exceptions/no_such_element.html
Build info: version: '3.141.59', revision: 'e82be7d358', time: '2018-11-14T08:17:03'
System info: host: 'LAPTOP-R1MUDANH', ip: '192.168.178.49', os.name: 'Windows 10', os.arch: 'amd64', os.version: '10.0', java.version: '1.8.0_191'
Driver info: org.openqa.selenium.chrome.ChromeDriver
Capabilities {acceptInsecureCerts: false, browserName: chrome, browserVersion: 79.0.3945.88, chrome: {chromedriverVersion: 79.0.3945.36 (3582db32b3389..., userDataDir: C:\Users\salma\AppData\Loca...}, goog:chromeOptions: {debuggerAddress: localhost:59217}, javascriptEnabled: true, networkConnectionEnabled: false, pageLoadStrategy: normal, platform: WINDOWS, platformName: WINDOWS, proxy: Proxy(), setWindowRect: true, strictFileInteractability: false, timeouts: {implicit: 0, pageLoad: 300000, script: 30000}, unhandledPromptBehavior: dismiss and notify}
Session ID: 35bee065250c19d83fc4a3abeb00af5b
*** Element info: {Using=xpath, value=//div[contains(.,'Welche Form hat das Auto?')]}
	at sun.reflect.GeneratedConstructorAccessor17.newInstance(Unknown Source)
	at sun.reflect.DelegatingConstructorAccessorImpl.newInstance(DelegatingConstructorAccessorImpl.java:45)
	at java.lang.reflect.Constructor.newInstance(Constructor.java:423)
	at org.openqa.selenium.remote.http.W3CHttpResponseCodec.createException(W3CHttpResponseCodec.java:187)
	at org.openqa.selenium.remote.http.W3CHttpResponseCodec.decode(W3CHttpResponseCodec.java:122)
	at org.openqa.selenium.remote.http.W3CHttpResponseCodec.decode(W3CHttpResponseCodec.java:49)
	at org.openqa.selenium.remote.HttpCommandExecutor.execute(HttpCommandExecutor.java:158)
	at org.openqa.selenium.remote.service.DriverCommandExecutor.execute(DriverCommandExecutor.java:83)
	at org.openqa.selenium.remote.RemoteWebDriver.execute(RemoteWebDriver.java:552)
	at org.openqa.selenium.remote.RemoteWebDriver.findElement(RemoteWebDriver.java:323)
	at org.openqa.selenium.remote.RemoteWebDriver.findElementByXPath(RemoteWebDriver.java:428)
	at org.openqa.selenium.By$ByXPath.findElement(By.java:353)
	at org.openqa.selenium.remote.RemoteWebDriver.findElement(RemoteWebDriver.java:315)
	at org.openqa.selenium.support.ui.ExpectedConditions$7.apply(ExpectedConditions.java:205)
	at org.openqa.selenium.support.ui.ExpectedConditions$7.apply(ExpectedConditions.java:201)
	at org.openqa.selenium.support.ui.ExpectedConditions$22.apply(ExpectedConditions.java:641)
	at org.openqa.selenium.support.ui.ExpectedConditions$22.apply(ExpectedConditions.java:638)
	at org.openqa.selenium.support.ui.FluentWait.until(FluentWait.java:249)
	at services.Driver.waitForElement(Driver.java:50)
	at pageObjects.SelectBodyType.<init>(SelectBodyType.java:15)
	at stepDefinitions.RegisterInsuranceSteps.i_am_ask_to_specify_the_body_type_of_the_car(RegisterInsuranceSteps.java:120)
	at sun.reflect.NativeMethodAccessorImpl.invoke0(Native Method)
	at sun.reflect.NativeMethodAccessorImpl.invoke(NativeMethodAccessorImpl.java:62)
	at sun.reflect.DelegatingMethodAccessorImpl.invoke(DelegatingMethodAccessorImpl.java:43)
	at java.lang.reflect.Method.invoke(Method.java:498)
	at cucumber.runtime.Utils$1.call(Utils.java:40)
	at cucumber.runtime.Timeout.timeout(Timeout.java:16)
	at cucumber.runtime.Utils.invoke(Utils.java:34)
	at cucumber.runtime.java.JavaStepDefinition.execute(JavaStepDefinition.java:38)
	at cucumber.runtime.StepDefinitionMatch.runStep(StepDefinitionMatch.java:37)
	at cucumber.runtime.Runtime.runStep(Runtime.java:300)
	at cucumber.runtime.model.StepContainer.runStep(StepContainer.java:44)
	at cucumber.runtime.model.StepContainer.runSteps(StepContainer.java:39)
	at cucumber.runtime.model.CucumberScenario.run(CucumberScenario.java:44)
	at cucumber.runtime.junit.ExecutionUnitRunner.run(ExecutionUnitRunner.java:102)
	at org.junit.runners.Suite.runChild(Suite.java:128)
	at org.junit.runners.Suite.runChild(Suite.java:27)
	at org.junit.runners.ParentRunner$3.run(ParentRunner.java:290)
	at org.junit.runners.ParentRunner$1.schedule(ParentRunner.java:71)
	at org.junit.runners.ParentRunner.runChildren(ParentRunner.java:288)
	at org.junit.runners.ParentRunner.access$000(ParentRunner.java:58)
	at org.junit.runners.ParentRunner$2.evaluate(ParentRunner.java:268)
	at org.junit.runners.ParentRunner.run(ParentRunner.java:363)
	at cucumber.runtime.junit.ExamplesRunner.run(ExamplesRunner.java:59)
	at org.junit.runners.Suite.runChild(Suite.java:128)
	at org.junit.runners.Suite.runChild(Suite.java:27)
	at org.junit.runners.ParentRunner$3.run(ParentRunner.java:290)
	at org.junit.runners.ParentRunner$1.schedule(ParentRunner.java:71)
	at org.junit.runners.ParentRunner.runChildren(ParentRunner.java:288)
	at org.junit.runners.ParentRunner.access$000(ParentRunner.java:58)
	at org.junit.runners.ParentRunner$2.evaluate(ParentRunner.java:268)
	at org.junit.runners.ParentRunner.run(ParentRunner.java:363)
	at cucumber.runtime.junit.ScenarioOutlineRunner.run(ScenarioOutlineRunner.java:53)
	at cucumber.runtime.junit.FeatureRunner.runChild(FeatureRunner.java:63)
	at cucumber.runtime.junit.FeatureRunner.runChild(FeatureRunner.java:18)
	at org.junit.runners.ParentRunner$3.run(ParentRunner.java:290)
	at org.junit.runners.ParentRunner$1.schedule(ParentRunner.java:71)
	at org.junit.runners.ParentRunner.runChildren(ParentRunner.java:288)
	at org.junit.runners.ParentRunner.access$000(ParentRunner.java:58)
	at org.junit.runners.ParentRunner$2.evaluate(ParentRunner.java:268)
	at org.junit.runners.ParentRunner.run(ParentRunner.java:363)
	at cucumber.runtime.junit.FeatureRunner.run(FeatureRunner.java:70)
	at cucumber.api.junit.Cucumber.runChild(Cucumber.java:95)
	at cucumber.api.junit.Cucumber.runChild(Cucumber.java:38)
	at org.junit.runners.ParentRunner$3.run(ParentRunner.java:290)
	at org.junit.runners.ParentRunner$1.schedule(ParentRunner.java:71)
	at org.junit.runners.ParentRunner.runChildren(ParentRunner.java:288)
	at org.junit.runners.ParentRunner.access$000(ParentRunner.java:58)
	at org.junit.runners.ParentRunner$2.evaluate(ParentRunner.java:268)
	at org.junit.internal.runners.statements.RunAfters.evaluate(RunAfters.java:27)
	at org.junit.runners.ParentRunner.run(ParentRunner.java:363)
	at cucumber.api.junit.Cucumber.run(Cucumber.java:100)
	at org.eclipse.jdt.internal.junit4.runner.JUnit4TestReference.run(JUnit4TestReference.java:89)
	at org.eclipse.jdt.internal.junit.runner.TestExecution.run(TestExecution.java:41)
	at org.eclipse.jdt.internal.junit.runner.RemoteTestRunner.runTests(RemoteTestRunner.java:541)
	at org.eclipse.jdt.internal.junit.runner.RemoteTestRunner.runTests(RemoteTestRunner.java:763)
	at org.eclipse.jdt.internal.junit.runner.RemoteTestRunner.run(RemoteTestRunner.java:463)
	at org.eclipse.jdt.internal.junit.runner.RemoteTestRunner.main(RemoteTestRunner.java:209)
</textarea>
                                                </li>
                    <li test-id='209' class='gc when skip' status='skip'>
                        <h6 class="step-name" title=""><span class='status skip' title='skip'><i class='material-icons'>redo</i></span>When I click on the "Limousine" of the car</h6>
                            <div class="node-step">skipped</div>
                    </li>
                    <li test-id='210' class='gc then skip' status='skip'>
                        <h6 class="step-name" title=""><span class='status skip' title='skip'><i class='material-icons'>redo</i></span>Then I am asked to specify the Fuel Type of the car</h6>
                            <div class="node-step">skipped</div>
                    </li>
                    <li test-id='211' class='gc when skip' status='skip'>
                        <h6 class="step-name" title=""><span class='status skip' title='skip'><i class='material-icons'>redo</i></span>When I select the "Benzin"</h6>
                            <div class="node-step">skipped</div>
                    </li>
                    <li test-id='212' class='gc then skip' status='skip'>
                        <h6 class="step-name" title=""><span class='status skip' title='skip'><i class='material-icons'>redo</i></span>Then I am asked to specify the horse power of the car</h6>
                            <div class="node-step">skipped</div>
                    </li>
                    <li test-id='213' class='gc when skip' status='skip'>
                        <h6 class="step-name" title=""><span class='status skip' title='skip'><i class='material-icons'>redo</i></span>When I select the "224 kW / 305 PS" of engine</h6>
                            <div class="node-step">skipped</div>
                    </li>
                    <li test-id='214' class='gc then skip' status='skip'>
                        <h6 class="step-name" title=""><span class='status skip' title='skip'><i class='material-icons'>redo</i></span>Then I am asked specify Engine</h6>
                            <div class="node-step">skipped</div>
                    </li>
                    <li test-id='215' class='gc when skip' status='skip'>
                        <h6 class="step-name" title=""><span class='status skip' title='skip'><i class='material-icons'>redo</i></span>When I select the "HSN: 1006, TSN: 971" of the car</h6>
                            <div class="node-step">skipped</div>
                    </li>
                    <li test-id='216' class='gc then skip' status='skip'>
                        <h6 class="step-name" title=""><span class='status skip' title='skip'><i class='material-icons'>redo</i></span>Then I am asked to specify the registeration date</h6>
                            <div class="node-step">skipped</div>
                    </li>
                    <li test-id='217' class='gc when skip' status='skip'>
                        <h6 class="step-name" title=""><span class='status skip' title='skip'><i class='material-icons'>redo</i></span>When I specify the registeration date</h6>
                            <div class="node-step">skipped</div>
                    </li>
                    <li test-id='218' class='gc then skip' status='skip'>
                        <h6 class="step-name" title=""><span class='status skip' title='skip'><i class='material-icons'>redo</i></span>Then I am asked to specify my birth date</h6>
                        <ul class='screenshots right'>
                            <li><a data-featherlight="image" href="C:\Users\salma\Documents\workspace-sts-3.9.6.RELEASE\friday\target\screenshots\1577181179237.png"><i class='material-icons'>panorama</i></a></li>
                        </ul>
                            <div class="node-step">skipped</div>
                    </li>
            </ul>
        </li>
    </ul>
</div>
					</div>
				</li>
			</ul>
		</div>
	</div>
	<!-- subview left -->
	<div class='subview-right left'>
		<div class='view-summary'>
			<div id='step-filters' class="right sr-filters">
				<a class="btn-floating waves-effect waves-light green" status="pass" alt="pass" title="pass"><i class="material-icons">check_circle</i></a>
				<a class="btn-floating waves-effect waves-light red" status="fail" alt="fail" title="fail"><i class="material-icons">cancel</i></a>
				<a class="btn-floating waves-effect waves-light red darken-4" status="fatal" alt="fatal" title="fatal"><i class="material-icons">cancel</i></a>
				<a class="btn-floating waves-effect waves-light pink text-lighten-1" status="error" alt="error" title="error"><i class="material-icons">error</i></a>
				<a class="btn-floating waves-effect waves-light orange" alt="warning" status="warning" title="warning"><i class="material-icons">warning</i></a>
				<a class="btn-floating waves-effect waves-light teal" status="skip" alt="skip" title="skip"><i class="material-icons">redo</i></a>
				<a class="btn-floating waves-effect waves-light grey" status="clear" alt="Clear filters" title="Clear filters"><i class="material-icons">clear</i></a>
			</div>
			<h5 class='test-name'></h5>
		</div>
	</div>
	<!-- subview right -->
</div>
<!-- test view --><!-- category view --><div id='exception-view' class='view hide'>
	<section id='controls'>
		<div class='controls grey lighten-4'>
			<!-- search -->
			<div class='chip transparent' alt='Search Tests' title='Search Tests'>
				<a href="#" class='search-div'>
				<i class='material-icons'>search</i> Search
				</a>
				<div class='input-field left hide'>
					<input id='search-tests' type='text' class='validate browser-default' placeholder='Search Tests...'>
				</div>
			</div>
			<!-- search -->
		</div>
	</section>
	<div class='subview-left left'>
		<div class='view-summary'>
			<ul id='exception-collection' class='exception-collection'>
				<li class='exception displayed active'>
					<div class='exception-heading'>
						<span class='exception-name'>org.openqa.selenium.TimeoutException</span>
						<span class='exception-count right'><span class='label red lighten-1 white-text'>3</span></span>
					</div>
					<div class='exception-content hide'>
						<div class='exception-tests'>
							<table class='bordered table-results'>
								<thead>
									<tr>
										<th>Timestamp</th>
										<th>TestName</th>
										<th>Status</th>
									</tr>
								</thead>
								<tbody>
									<tr>
										<td>Dec 24, 2019 10:52:18 AM</td>
										<td class='linked' test-id='160'>Create a new insurance contract..The customer should be able to register for an insurance..The customer should be able to register for an insurance..Then I am asked to specify the body type of the car</td>
										<td>
											<textarea disabled class="code-block">org.openqa.selenium.TimeoutException: Expected condition failed: waiting for element to be clickable: By.xpath: //div[contains(.,'Welche Form hat das Auto?')] (tried for 2 second(s) with 500 milliseconds interval)
	at org.openqa.selenium.support.ui.WebDriverWait.timeoutException(WebDriverWait.java:95)
	at org.openqa.selenium.support.ui.FluentWait.until(FluentWait.java:272)
	at services.Driver.waitForElement(Driver.java:50)
	at pageObjects.SelectBodyType.<init>(SelectBodyType.java:15)
	at stepDefinitions.RegisterInsuranceSteps.i_am_ask_to_specify_the_body_type_of_the_car(RegisterInsuranceSteps.java:120)
	at .Then I am asked to specify the body type of the car(registerInsurance.feature:17)
Caused by: org.openqa.selenium.NoSuchElementException: no such element: Unable to locate element: {"method":"xpath","selector":"//div[contains(.,'Welche Form hat das Auto?')]"}
  (Session info: chrome=79.0.3945.88)
For documentation on this error, please visit: https://www.seleniumhq.org/exceptions/no_such_element.html
Build info: version: '3.141.59', revision: 'e82be7d358', time: '2018-11-14T08:17:03'
System info: host: 'LAPTOP-R1MUDANH', ip: '192.168.178.49', os.name: 'Windows 10', os.arch: 'amd64', os.version: '10.0', java.version: '1.8.0_191'
Driver info: org.openqa.selenium.chrome.ChromeDriver
Capabilities {acceptInsecureCerts: false, browserName: chrome, browserVersion: 79.0.3945.88, chrome: {chromedriverVersion: 79.0.3945.36 (3582db32b3389..., userDataDir: C:\Users\salma\AppData\Loca...}, goog:chromeOptions: {debuggerAddress: localhost:59104}, javascriptEnabled: true, networkConnectionEnabled: false, pageLoadStrategy: normal, platform: WINDOWS, platformName: WINDOWS, proxy: Proxy(), setWindowRect: true, strictFileInteractability: false, timeouts: {implicit: 0, pageLoad: 300000, script: 30000}, unhandledPromptBehavior: dismiss and notify}
Session ID: 3e457ce461c5915d2b2c03bc53bb7941
*** Element info: {Using=xpath, value=//div[contains(.,'Welche Form hat das Auto?')]}
	at sun.reflect.GeneratedConstructorAccessor17.newInstance(Unknown Source)
	at sun.reflect.DelegatingConstructorAccessorImpl.newInstance(DelegatingConstructorAccessorImpl.java:45)
	at java.lang.reflect.Constructor.newInstance(Constructor.java:423)
	at org.openqa.selenium.remote.http.W3CHttpResponseCodec.createException(W3CHttpResponseCodec.java:187)
	at org.openqa.selenium.remote.http.W3CHttpResponseCodec.decode(W3CHttpResponseCodec.java:122)
	at org.openqa.selenium.remote.http.W3CHttpResponseCodec.decode(W3CHttpResponseCodec.java:49)
	at org.openqa.selenium.remote.HttpCommandExecutor.execute(HttpCommandExecutor.java:158)
	at org.openqa.selenium.remote.service.DriverCommandExecutor.execute(DriverCommandExecutor.java:83)
	at org.openqa.selenium.remote.RemoteWebDriver.execute(RemoteWebDriver.java:552)
	at org.openqa.selenium.remote.RemoteWebDriver.findElement(RemoteWebDriver.java:323)
	at org.openqa.selenium.remote.RemoteWebDriver.findElementByXPath(RemoteWebDriver.java:428)
	at org.openqa.selenium.By$ByXPath.findElement(By.java:353)
	at org.openqa.selenium.remote.RemoteWebDriver.findElement(RemoteWebDriver.java:315)
	at org.openqa.selenium.support.ui.ExpectedConditions$7.apply(ExpectedConditions.java:205)
	at org.openqa.selenium.support.ui.ExpectedConditions$7.apply(ExpectedConditions.java:201)
	at org.openqa.selenium.support.ui.ExpectedConditions$22.apply(ExpectedConditions.java:641)
	at org.openqa.selenium.support.ui.ExpectedConditions$22.apply(ExpectedConditions.java:638)
	at org.openqa.selenium.support.ui.FluentWait.until(FluentWait.java:249)
	at services.Driver.waitForElement(Driver.java:50)
	at pageObjects.SelectBodyType.<init>(SelectBodyType.java:15)
	at stepDefinitions.RegisterInsuranceSteps.i_am_ask_to_specify_the_body_type_of_the_car(RegisterInsuranceSteps.java:120)
	at sun.reflect.NativeMethodAccessorImpl.invoke0(Native Method)
	at sun.reflect.NativeMethodAccessorImpl.invoke(NativeMethodAccessorImpl.java:62)
	at sun.reflect.DelegatingMethodAccessorImpl.invoke(DelegatingMethodAccessorImpl.java:43)
	at java.lang.reflect.Method.invoke(Method.java:498)
	at cucumber.runtime.Utils$1.call(Utils.java:40)
	at cucumber.runtime.Timeout.timeout(Timeout.java:16)
	at cucumber.runtime.Utils.invoke(Utils.java:34)
	at cucumber.runtime.java.JavaStepDefinition.execute(JavaStepDefinition.java:38)
	at cucumber.runtime.StepDefinitionMatch.runStep(StepDefinitionMatch.java:37)
	at cucumber.runtime.Runtime.runStep(Runtime.java:300)
	at cucumber.runtime.model.StepContainer.runStep(StepContainer.java:44)
	at cucumber.runtime.model.StepContainer.runSteps(StepContainer.java:39)
	at cucumber.runtime.model.CucumberScenario.run(CucumberScenario.java:44)
	at cucumber.runtime.junit.ExecutionUnitRunner.run(ExecutionUnitRunner.java:102)
	at org.junit.runners.Suite.runChild(Suite.java:128)
	at org.junit.runners.Suite.runChild(Suite.java:27)
	at org.junit.runners.ParentRunner$3.run(ParentRunner.java:290)
	at org.junit.runners.ParentRunner$1.schedule(ParentRunner.java:71)
	at org.junit.runners.ParentRunner.runChildren(ParentRunner.java:288)
	at org.junit.runners.ParentRunner.access$000(ParentRunner.java:58)
	at org.junit.runners.ParentRunner$2.evaluate(ParentRunner.java:268)
	at org.junit.runners.ParentRunner.run(ParentRunner.java:363)
	at cucumber.runtime.junit.ExamplesRunner.run(ExamplesRunner.java:59)
	at org.junit.runners.Suite.runChild(Suite.java:128)
	at org.junit.runners.Suite.runChild(Suite.java:27)
	at org.junit.runners.ParentRunner$3.run(ParentRunner.java:290)
	at org.junit.runners.ParentRunner$1.schedule(ParentRunner.java:71)
	at org.junit.runners.ParentRunner.runChildren(ParentRunner.java:288)
	at org.junit.runners.ParentRunner.access$000(ParentRunner.java:58)
	at org.junit.runners.ParentRunner$2.evaluate(ParentRunner.java:268)
	at org.junit.runners.ParentRunner.run(ParentRunner.java:363)
	at cucumber.runtime.junit.ScenarioOutlineRunner.run(ScenarioOutlineRunner.java:53)
	at cucumber.runtime.junit.FeatureRunner.runChild(FeatureRunner.java:63)
	at cucumber.runtime.junit.FeatureRunner.runChild(FeatureRunner.java:18)
	at org.junit.runners.ParentRunner$3.run(ParentRunner.java:290)
	at org.junit.runners.ParentRunner$1.schedule(ParentRunner.java:71)
	at org.junit.runners.ParentRunner.runChildren(ParentRunner.java:288)
	at org.junit.runners.ParentRunner.access$000(ParentRunner.java:58)
	at org.junit.runners.ParentRunner$2.evaluate(ParentRunner.java:268)
	at org.junit.runners.ParentRunner.run(ParentRunner.java:363)
	at cucumber.runtime.junit.FeatureRunner.run(FeatureRunner.java:70)
	at cucumber.api.junit.Cucumber.runChild(Cucumber.java:95)
	at cucumber.api.junit.Cucumber.runChild(Cucumber.java:38)
	at org.junit.runners.ParentRunner$3.run(ParentRunner.java:290)
	at org.junit.runners.ParentRunner$1.schedule(ParentRunner.java:71)
	at org.junit.runners.ParentRunner.runChildren(ParentRunner.java:288)
	at org.junit.runners.ParentRunner.access$000(ParentRunner.java:58)
	at org.junit.runners.ParentRunner$2.evaluate(ParentRunner.java:268)
	at org.junit.internal.runners.statements.RunAfters.evaluate(RunAfters.java:27)
	at org.junit.runners.ParentRunner.run(ParentRunner.java:363)
	at cucumber.api.junit.Cucumber.run(Cucumber.java:100)
	at org.eclipse.jdt.internal.junit4.runner.JUnit4TestReference.run(JUnit4TestReference.java:89)
	at org.eclipse.jdt.internal.junit.runner.TestExecution.run(TestExecution.java:41)
	at org.eclipse.jdt.internal.junit.runner.RemoteTestRunner.runTests(RemoteTestRunner.java:541)
	at org.eclipse.jdt.internal.junit.runner.RemoteTestRunner.runTests(RemoteTestRunner.java:763)
	at org.eclipse.jdt.internal.junit.runner.RemoteTestRunner.run(RemoteTestRunner.java:463)
	at org.eclipse.jdt.internal.junit.runner.RemoteTestRunner.main(RemoteTestRunner.java:209)
</textarea>
										</td>
									</tr>
									<tr>
										<td>Dec 24, 2019 10:52:37 AM</td>
										<td class='linked' test-id='184'>Create a new insurance contract..The customer should be able to register for an insurance..The customer should be able to register for an insurance..Then I am asked to specify the body type of the car</td>
										<td>
											<textarea disabled class="code-block">org.openqa.selenium.TimeoutException: Expected condition failed: waiting for element to be clickable: By.xpath: //div[contains(.,'Welche Form hat das Auto?')] (tried for 2 second(s) with 500 milliseconds interval)
	at org.openqa.selenium.support.ui.WebDriverWait.timeoutException(WebDriverWait.java:95)
	at org.openqa.selenium.support.ui.FluentWait.until(FluentWait.java:272)
	at services.Driver.waitForElement(Driver.java:50)
	at pageObjects.SelectBodyType.<init>(SelectBodyType.java:15)
	at stepDefinitions.RegisterInsuranceSteps.i_am_ask_to_specify_the_body_type_of_the_car(RegisterInsuranceSteps.java:120)
	at .Then I am asked to specify the body type of the car(registerInsurance.feature:17)
Caused by: org.openqa.selenium.NoSuchElementException: no such element: Unable to locate element: {"method":"xpath","selector":"//div[contains(.,'Welche Form hat das Auto?')]"}
  (Session info: chrome=79.0.3945.88)
For documentation on this error, please visit: https://www.seleniumhq.org/exceptions/no_such_element.html
Build info: version: '3.141.59', revision: 'e82be7d358', time: '2018-11-14T08:17:03'
System info: host: 'LAPTOP-R1MUDANH', ip: '192.168.178.49', os.name: 'Windows 10', os.arch: 'amd64', os.version: '10.0', java.version: '1.8.0_191'
Driver info: org.openqa.selenium.chrome.ChromeDriver
Capabilities {acceptInsecureCerts: false, browserName: chrome, browserVersion: 79.0.3945.88, chrome: {chromedriverVersion: 79.0.3945.36 (3582db32b3389..., userDataDir: C:\Users\salma\AppData\Loca...}, goog:chromeOptions: {debuggerAddress: localhost:59161}, javascriptEnabled: true, networkConnectionEnabled: false, pageLoadStrategy: normal, platform: WINDOWS, platformName: WINDOWS, proxy: Proxy(), setWindowRect: true, strictFileInteractability: false, timeouts: {implicit: 0, pageLoad: 300000, script: 30000}, unhandledPromptBehavior: dismiss and notify}
Session ID: 54122612024d75ba5cc93a20c081e60e
*** Element info: {Using=xpath, value=//div[contains(.,'Welche Form hat das Auto?')]}
	at sun.reflect.GeneratedConstructorAccessor17.newInstance(Unknown Source)
	at sun.reflect.DelegatingConstructorAccessorImpl.newInstance(DelegatingConstructorAccessorImpl.java:45)
	at java.lang.reflect.Constructor.newInstance(Constructor.java:423)
	at org.openqa.selenium.remote.http.W3CHttpResponseCodec.createException(W3CHttpResponseCodec.java:187)
	at org.openqa.selenium.remote.http.W3CHttpResponseCodec.decode(W3CHttpResponseCodec.java:122)
	at org.openqa.selenium.remote.http.W3CHttpResponseCodec.decode(W3CHttpResponseCodec.java:49)
	at org.openqa.selenium.remote.HttpCommandExecutor.execute(HttpCommandExecutor.java:158)
	at org.openqa.selenium.remote.service.DriverCommandExecutor.execute(DriverCommandExecutor.java:83)
	at org.openqa.selenium.remote.RemoteWebDriver.execute(RemoteWebDriver.java:552)
	at org.openqa.selenium.remote.RemoteWebDriver.findElement(RemoteWebDriver.java:323)
	at org.openqa.selenium.remote.RemoteWebDriver.findElementByXPath(RemoteWebDriver.java:428)
	at org.openqa.selenium.By$ByXPath.findElement(By.java:353)
	at org.openqa.selenium.remote.RemoteWebDriver.findElement(RemoteWebDriver.java:315)
	at org.openqa.selenium.support.ui.ExpectedConditions$7.apply(ExpectedConditions.java:205)
	at org.openqa.selenium.support.ui.ExpectedConditions$7.apply(ExpectedConditions.java:201)
	at org.openqa.selenium.support.ui.ExpectedConditions$22.apply(ExpectedConditions.java:641)
	at org.openqa.selenium.support.ui.ExpectedConditions$22.apply(ExpectedConditions.java:638)
	at org.openqa.selenium.support.ui.FluentWait.until(FluentWait.java:249)
	at services.Driver.waitForElement(Driver.java:50)
	at pageObjects.SelectBodyType.<init>(SelectBodyType.java:15)
	at stepDefinitions.RegisterInsuranceSteps.i_am_ask_to_specify_the_body_type_of_the_car(RegisterInsuranceSteps.java:120)
	at sun.reflect.NativeMethodAccessorImpl.invoke0(Native Method)
	at sun.reflect.NativeMethodAccessorImpl.invoke(NativeMethodAccessorImpl.java:62)
	at sun.reflect.DelegatingMethodAccessorImpl.invoke(DelegatingMethodAccessorImpl.java:43)
	at java.lang.reflect.Method.invoke(Method.java:498)
	at cucumber.runtime.Utils$1.call(Utils.java:40)
	at cucumber.runtime.Timeout.timeout(Timeout.java:16)
	at cucumber.runtime.Utils.invoke(Utils.java:34)
	at cucumber.runtime.java.JavaStepDefinition.execute(JavaStepDefinition.java:38)
	at cucumber.runtime.StepDefinitionMatch.runStep(StepDefinitionMatch.java:37)
	at cucumber.runtime.Runtime.runStep(Runtime.java:300)
	at cucumber.runtime.model.StepContainer.runStep(StepContainer.java:44)
	at cucumber.runtime.model.StepContainer.runSteps(StepContainer.java:39)
	at cucumber.runtime.model.CucumberScenario.run(CucumberScenario.java:44)
	at cucumber.runtime.junit.ExecutionUnitRunner.run(ExecutionUnitRunner.java:102)
	at org.junit.runners.Suite.runChild(Suite.java:128)
	at org.junit.runners.Suite.runChild(Suite.java:27)
	at org.junit.runners.ParentRunner$3.run(ParentRunner.java:290)
	at org.junit.runners.ParentRunner$1.schedule(ParentRunner.java:71)
	at org.junit.runners.ParentRunner.runChildren(ParentRunner.java:288)
	at org.junit.runners.ParentRunner.access$000(ParentRunner.java:58)
	at org.junit.runners.ParentRunner$2.evaluate(ParentRunner.java:268)
	at org.junit.runners.ParentRunner.run(ParentRunner.java:363)
	at cucumber.runtime.junit.ExamplesRunner.run(ExamplesRunner.java:59)
	at org.junit.runners.Suite.runChild(Suite.java:128)
	at org.junit.runners.Suite.runChild(Suite.java:27)
	at org.junit.runners.ParentRunner$3.run(ParentRunner.java:290)
	at org.junit.runners.ParentRunner$1.schedule(ParentRunner.java:71)
	at org.junit.runners.ParentRunner.runChildren(ParentRunner.java:288)
	at org.junit.runners.ParentRunner.access$000(ParentRunner.java:58)
	at org.junit.runners.ParentRunner$2.evaluate(ParentRunner.java:268)
	at org.junit.runners.ParentRunner.run(ParentRunner.java:363)
	at cucumber.runtime.junit.ScenarioOutlineRunner.run(ScenarioOutlineRunner.java:53)
	at cucumber.runtime.junit.FeatureRunner.runChild(FeatureRunner.java:63)
	at cucumber.runtime.junit.FeatureRunner.runChild(FeatureRunner.java:18)
	at org.junit.runners.ParentRunner$3.run(ParentRunner.java:290)
	at org.junit.runners.ParentRunner$1.schedule(ParentRunner.java:71)
	at org.junit.runners.ParentRunner.runChildren(ParentRunner.java:288)
	at org.junit.runners.ParentRunner.access$000(ParentRunner.java:58)
	at org.junit.runners.ParentRunner$2.evaluate(ParentRunner.java:268)
	at org.junit.runners.ParentRunner.run(ParentRunner.java:363)
	at cucumber.runtime.junit.FeatureRunner.run(FeatureRunner.java:70)
	at cucumber.api.junit.Cucumber.runChild(Cucumber.java:95)
	at cucumber.api.junit.Cucumber.runChild(Cucumber.java:38)
	at org.junit.runners.ParentRunner$3.run(ParentRunner.java:290)
	at org.junit.runners.ParentRunner$1.schedule(ParentRunner.java:71)
	at org.junit.runners.ParentRunner.runChildren(ParentRunner.java:288)
	at org.junit.runners.ParentRunner.access$000(ParentRunner.java:58)
	at org.junit.runners.ParentRunner$2.evaluate(ParentRunner.java:268)
	at org.junit.internal.runners.statements.RunAfters.evaluate(RunAfters.java:27)
	at org.junit.runners.ParentRunner.run(ParentRunner.java:363)
	at cucumber.api.junit.Cucumber.run(Cucumber.java:100)
	at org.eclipse.jdt.internal.junit4.runner.JUnit4TestReference.run(JUnit4TestReference.java:89)
	at org.eclipse.jdt.internal.junit.runner.TestExecution.run(TestExecution.java:41)
	at org.eclipse.jdt.internal.junit.runner.RemoteTestRunner.runTests(RemoteTestRunner.java:541)
	at org.eclipse.jdt.internal.junit.runner.RemoteTestRunner.runTests(RemoteTestRunner.java:763)
	at org.eclipse.jdt.internal.junit.runner.RemoteTestRunner.run(RemoteTestRunner.java:463)
	at org.eclipse.jdt.internal.junit.runner.RemoteTestRunner.main(RemoteTestRunner.java:209)
</textarea>
										</td>
									</tr>
									<tr>
										<td>Dec 24, 2019 10:52:56 AM</td>
										<td class='linked' test-id='208'>Create a new insurance contract..The customer should be able to register for an insurance..The customer should be able to register for an insurance..Then I am asked to specify the body type of the car</td>
										<td>
											<textarea disabled class="code-block">org.openqa.selenium.TimeoutException: Expected condition failed: waiting for element to be clickable: By.xpath: //div[contains(.,'Welche Form hat das Auto?')] (tried for 2 second(s) with 500 milliseconds interval)
	at org.openqa.selenium.support.ui.WebDriverWait.timeoutException(WebDriverWait.java:95)
	at org.openqa.selenium.support.ui.FluentWait.until(FluentWait.java:272)
	at services.Driver.waitForElement(Driver.java:50)
	at pageObjects.SelectBodyType.<init>(SelectBodyType.java:15)
	at stepDefinitions.RegisterInsuranceSteps.i_am_ask_to_specify_the_body_type_of_the_car(RegisterInsuranceSteps.java:120)
	at .Then I am asked to specify the body type of the car(registerInsurance.feature:17)
Caused by: org.openqa.selenium.NoSuchElementException: no such element: Unable to locate element: {"method":"xpath","selector":"//div[contains(.,'Welche Form hat das Auto?')]"}
  (Session info: chrome=79.0.3945.88)
For documentation on this error, please visit: https://www.seleniumhq.org/exceptions/no_such_element.html
Build info: version: '3.141.59', revision: 'e82be7d358', time: '2018-11-14T08:17:03'
System info: host: 'LAPTOP-R1MUDANH', ip: '192.168.178.49', os.name: 'Windows 10', os.arch: 'amd64', os.version: '10.0', java.version: '1.8.0_191'
Driver info: org.openqa.selenium.chrome.ChromeDriver
Capabilities {acceptInsecureCerts: false, browserName: chrome, browserVersion: 79.0.3945.88, chrome: {chromedriverVersion: 79.0.3945.36 (3582db32b3389..., userDataDir: C:\Users\salma\AppData\Loca...}, goog:chromeOptions: {debuggerAddress: localhost:59217}, javascriptEnabled: true, networkConnectionEnabled: false, pageLoadStrategy: normal, platform: WINDOWS, platformName: WINDOWS, proxy: Proxy(), setWindowRect: true, strictFileInteractability: false, timeouts: {implicit: 0, pageLoad: 300000, script: 30000}, unhandledPromptBehavior: dismiss and notify}
Session ID: 35bee065250c19d83fc4a3abeb00af5b
*** Element info: {Using=xpath, value=//div[contains(.,'Welche Form hat das Auto?')]}
	at sun.reflect.GeneratedConstructorAccessor17.newInstance(Unknown Source)
	at sun.reflect.DelegatingConstructorAccessorImpl.newInstance(DelegatingConstructorAccessorImpl.java:45)
	at java.lang.reflect.Constructor.newInstance(Constructor.java:423)
	at org.openqa.selenium.remote.http.W3CHttpResponseCodec.createException(W3CHttpResponseCodec.java:187)
	at org.openqa.selenium.remote.http.W3CHttpResponseCodec.decode(W3CHttpResponseCodec.java:122)
	at org.openqa.selenium.remote.http.W3CHttpResponseCodec.decode(W3CHttpResponseCodec.java:49)
	at org.openqa.selenium.remote.HttpCommandExecutor.execute(HttpCommandExecutor.java:158)
	at org.openqa.selenium.remote.service.DriverCommandExecutor.execute(DriverCommandExecutor.java:83)
	at org.openqa.selenium.remote.RemoteWebDriver.execute(RemoteWebDriver.java:552)
	at org.openqa.selenium.remote.RemoteWebDriver.findElement(RemoteWebDriver.java:323)
	at org.openqa.selenium.remote.RemoteWebDriver.findElementByXPath(RemoteWebDriver.java:428)
	at org.openqa.selenium.By$ByXPath.findElement(By.java:353)
	at org.openqa.selenium.remote.RemoteWebDriver.findElement(RemoteWebDriver.java:315)
	at org.openqa.selenium.support.ui.ExpectedConditions$7.apply(ExpectedConditions.java:205)
	at org.openqa.selenium.support.ui.ExpectedConditions$7.apply(ExpectedConditions.java:201)
	at org.openqa.selenium.support.ui.ExpectedConditions$22.apply(ExpectedConditions.java:641)
	at org.openqa.selenium.support.ui.ExpectedConditions$22.apply(ExpectedConditions.java:638)
	at org.openqa.selenium.support.ui.FluentWait.until(FluentWait.java:249)
	at services.Driver.waitForElement(Driver.java:50)
	at pageObjects.SelectBodyType.<init>(SelectBodyType.java:15)
	at stepDefinitions.RegisterInsuranceSteps.i_am_ask_to_specify_the_body_type_of_the_car(RegisterInsuranceSteps.java:120)
	at sun.reflect.NativeMethodAccessorImpl.invoke0(Native Method)
	at sun.reflect.NativeMethodAccessorImpl.invoke(NativeMethodAccessorImpl.java:62)
	at sun.reflect.DelegatingMethodAccessorImpl.invoke(DelegatingMethodAccessorImpl.java:43)
	at java.lang.reflect.Method.invoke(Method.java:498)
	at cucumber.runtime.Utils$1.call(Utils.java:40)
	at cucumber.runtime.Timeout.timeout(Timeout.java:16)
	at cucumber.runtime.Utils.invoke(Utils.java:34)
	at cucumber.runtime.java.JavaStepDefinition.execute(JavaStepDefinition.java:38)
	at cucumber.runtime.StepDefinitionMatch.runStep(StepDefinitionMatch.java:37)
	at cucumber.runtime.Runtime.runStep(Runtime.java:300)
	at cucumber.runtime.model.StepContainer.runStep(StepContainer.java:44)
	at cucumber.runtime.model.StepContainer.runSteps(StepContainer.java:39)
	at cucumber.runtime.model.CucumberScenario.run(CucumberScenario.java:44)
	at cucumber.runtime.junit.ExecutionUnitRunner.run(ExecutionUnitRunner.java:102)
	at org.junit.runners.Suite.runChild(Suite.java:128)
	at org.junit.runners.Suite.runChild(Suite.java:27)
	at org.junit.runners.ParentRunner$3.run(ParentRunner.java:290)
	at org.junit.runners.ParentRunner$1.schedule(ParentRunner.java:71)
	at org.junit.runners.ParentRunner.runChildren(ParentRunner.java:288)
	at org.junit.runners.ParentRunner.access$000(ParentRunner.java:58)
	at org.junit.runners.ParentRunner$2.evaluate(ParentRunner.java:268)
	at org.junit.runners.ParentRunner.run(ParentRunner.java:363)
	at cucumber.runtime.junit.ExamplesRunner.run(ExamplesRunner.java:59)
	at org.junit.runners.Suite.runChild(Suite.java:128)
	at org.junit.runners.Suite.runChild(Suite.java:27)
	at org.junit.runners.ParentRunner$3.run(ParentRunner.java:290)
	at org.junit.runners.ParentRunner$1.schedule(ParentRunner.java:71)
	at org.junit.runners.ParentRunner.runChildren(ParentRunner.java:288)
	at org.junit.runners.ParentRunner.access$000(ParentRunner.java:58)
	at org.junit.runners.ParentRunner$2.evaluate(ParentRunner.java:268)
	at org.junit.runners.ParentRunner.run(ParentRunner.java:363)
	at cucumber.runtime.junit.ScenarioOutlineRunner.run(ScenarioOutlineRunner.java:53)
	at cucumber.runtime.junit.FeatureRunner.runChild(FeatureRunner.java:63)
	at cucumber.runtime.junit.FeatureRunner.runChild(FeatureRunner.java:18)
	at org.junit.runners.ParentRunner$3.run(ParentRunner.java:290)
	at org.junit.runners.ParentRunner$1.schedule(ParentRunner.java:71)
	at org.junit.runners.ParentRunner.runChildren(ParentRunner.java:288)
	at org.junit.runners.ParentRunner.access$000(ParentRunner.java:58)
	at org.junit.runners.ParentRunner$2.evaluate(ParentRunner.java:268)
	at org.junit.runners.ParentRunner.run(ParentRunner.java:363)
	at cucumber.runtime.junit.FeatureRunner.run(FeatureRunner.java:70)
	at cucumber.api.junit.Cucumber.runChild(Cucumber.java:95)
	at cucumber.api.junit.Cucumber.runChild(Cucumber.java:38)
	at org.junit.runners.ParentRunner$3.run(ParentRunner.java:290)
	at org.junit.runners.ParentRunner$1.schedule(ParentRunner.java:71)
	at org.junit.runners.ParentRunner.runChildren(ParentRunner.java:288)
	at org.junit.runners.ParentRunner.access$000(ParentRunner.java:58)
	at org.junit.runners.ParentRunner$2.evaluate(ParentRunner.java:268)
	at org.junit.internal.runners.statements.RunAfters.evaluate(RunAfters.java:27)
	at org.junit.runners.ParentRunner.run(ParentRunner.java:363)
	at cucumber.api.junit.Cucumber.run(Cucumber.java:100)
	at org.eclipse.jdt.internal.junit4.runner.JUnit4TestReference.run(JUnit4TestReference.java:89)
	at org.eclipse.jdt.internal.junit.runner.TestExecution.run(TestExecution.java:41)
	at org.eclipse.jdt.internal.junit.runner.RemoteTestRunner.runTests(RemoteTestRunner.java:541)
	at org.eclipse.jdt.internal.junit.runner.RemoteTestRunner.runTests(RemoteTestRunner.java:763)
	at org.eclipse.jdt.internal.junit.runner.RemoteTestRunner.run(RemoteTestRunner.java:463)
	at org.eclipse.jdt.internal.junit.runner.RemoteTestRunner.main(RemoteTestRunner.java:209)
</textarea>
										</td>
									</tr>
								</tbody>
							</table>
						</div>
					</div>
				</li>
			</ul>
		</div>
	</div>
	<div class='subview-right left'>
		<div class='view-summary'>
			<h5 class='exception-name'></h5>
		</div>
	</div>
</div>
<!-- exception view --><div id='dashboard-view' class='view hide'>
	<div class='card-panel transparent np-v'>
		<h5>Dashboard</h5>

		<div class='row'>
			<div class='col s2'>
				<div class='card-panel r'>
					Features
					<div class='panel-lead'>1</div>
				</div>
			</div>
			<div class='col s2'>
				<div class='card-panel r'>
					Scenarios
					<div class='panel-lead'>9</div>
				</div>
			</div>
			<div class='col s2'>
				<div class='card-panel r'>
					Steps
					<div class='panel-lead'>207</div>
				</div>
			</div>
			<div class='col s2'>
				<div class='card-panel r'>
					Start
					<div class='panel-lead'>Dec 24, 2019 10:49:50 AM</div>
				</div>
			</div>
			<div class='col s2'>
				<div class='card-panel r'>
			 		End
			 		<div class='panel-lead'>Dec 24, 2019 10:52:59 AM</div>
				</div>
			</div>
			<div class='col s2'>
				<div class='card-panel r'>
					Time Taken
					<div class='panel-lead'>0h 3m 9s+20ms</div>
				</div>
			</div>
			<div class='col s4'>
				<div class='card-panel dashboard-environment'>
					<span class='right label cyan white-text'>Environment</span><p>&nbsp;</p>
					
					<table>
						<tr>
							<th>Name</th>
							<th>Value</th>
						</tr>
							<tr>
								<td>User Name</td>
								<td>salma</td>
							</tr>
							<tr>
								<td>Time Zone</td>
								<td>Europe/Berlin</td>
							</tr>
							<tr>
								<td>Machine</td>
								<td>Windows 1064 Bit</td>
							</tr>
					</table>
				</div>
			</div>
		</div>
	</div>
</div>
<!-- dashboard view -->
<div id='testrunner-logs-view' class='view hide'>
	<div class='card-panel transparent np-v'>
		<h5>TestRunner Logs</h5>
		
		<div class='card-panel'>
				Sample test runner output message
		</div>
	</div>
</div>
<!-- testrunner-logs view -->		</div>
		<!-- container -->
		<script>
			var statusGroup = {
                parentCount: 1,
				passParent: 0,
				failParent: 1,
				fatalParent: 0,
				errorParent: 0,
				warningParent: 0,
				skipParent: 0,
				exceptionsParent: 1,
				childCount: 9,
				passChild: 6,
				failChild: 3,
				fatalChild: 0,
				errorChild: 0,
				warningChild: 0,
				skipChild: 0,
				infoChild: 0,
				debugChild: 0,
				exceptionsChild: 3,
				grandChildCount: 207,
				passGrandChild: 174,
				failGrandChild: 3,
				fatalGrandChild: 0,
				errorGrandChild: 0,
				warningGrandChild: 0,
				skipGrandChild: 30,
				infoGrandChild: 0,
				debugGrandChild: 0,
				exceptionsGrandChild: 33,
			};
		</script>
		<script>
			var timeline = {
			        "Create a new insurance contract.":177.231
			};
		</script>
		<script src='https://cdn.rawgit.com/extent-framework/extent-github-cdn/b65cd69/v3html/js/extent.js' type='text/javascript'></script>
		<script type='text/javascript'>
		</script>
	</body>
</html>